PCB 网表错误报告 - alarm.sch - Thu May 21 13:02:17 2020
--------------------------------------------------------
设计与库元件的一致性检查
------------------------
未对库元件类型 SWITCH 分配封装 - 无法检查下列元件:
 S1.

单个/零个管脚网络警告
---------------------
网络 GND 在 PCB 网表文件中的管脚不足两个。

原理图连接性错误
----------------

电源或接地符号使用了不正确的网络名

COM_OUT
SEND         X4100  Y8800  - 网络所用电源符号: +5V
APOWER       X7600  Y4900  - 网络所用电源符号: +5V
APOWER       X12200 Y5900  - 网络所用电源符号: +5V

VBUS
USB          X9900  Y4800  - 网络所用电源符号: +5V

具有页间连接的子网未参考其他子网

LINEA
SEND         X14600 Y6900 

LINEB
SEND         X14600 Y6300 

OUTPUT
OUTPUT       X11300 Y5800 
