PCB 网表错误报告 - XAblaster_V3.5.sch - Sun Apr 26 08:34:23 2020
-----------------------------------------------------------------
设计与库元件的一致性检查
------------------------
库中找不到元件类型 DIP10_2.54 - 无法检查下列元件:
 U2.
库中找不到元件类型 RES_ARR_X4 - 无法检查下列元件:
 R33 RP1 R195 R57 R92 R96 R15 RP2 RP3 RP4
 RP5.
库中找不到 PCB 封装 0402R - 无法检查元件类型为 RES0402 的下列元件:
 R20 R6 R8 R43 R51 R70 R71 R65 R14 R66
 R67 R68 R69 R72 R73 R102 R115 R50 R45 R54
 R36 R4 R5 R56 R103 R151 R152 R58 R153 R18
 R191 R192 R75 R47 R48 R53 R84 R85 R88 R90
 R91 R217 R220 R169 R171 R129 R196 R206 R207 R81
 R59 R60 R61 R62 R63 R77 R83 R87 R97 R98
 R99 R221 R128 R146 R2 R74 R157 R158 R159 R160
 R161 R162 R163 R225 R164 R165 R166 R167 R3 R32
 R24 R52 R82 R168 R170 R26 R37 R120 R76 R27
 R38 R139 R46 R49 R7 R79 R119 R11 R212 R226
 R208 R209 R89 R80 R35 R176 R177 R178 R117 R118
 R9 R111 R34 R186 R93 R94 R10 R12 R114 R44
 R107 R130 R13 R21 R22 R101 R184 R86 R179 R112
 R113 R123 R124 R125 R95 R100 R122 R126 R127 R131
 R180 R28 R29 R30 R31 R23 R40 R41 R55 R227
 R187 R188 R218 R211 R228 R216 R229 R230.
库中找不到元件类型 TESTPOINT - 无法检查下列元件:
 DGND +5V2 LUX_TX SCAN3V3 FALL RISE SINGEL 1 2 -5V
 AGND REF +5V 3V3 COMM_OUT HV_OUT 1V2.
库中找不到元件类型 CAP0402 - 无法检查下列元件:
 C19 C2 C15 C75 C60 C22 C21 C44 C86 C67
 C3 C4 C5 C6 C1 C7 C168 C59 C56 C74
 C169 C170 C99 C101 C171 C64 C80 C8 C45 C34
 C9 C95 C52 C10 C41 C83 C84 C11 C164 C165
 C172 C173 C96 C14 C55 C68 C70 C71 C72 C123
 C124 C126 C121 C127 C149 C118 C155 C27 C85 C33
 C132 C133 C134 C135 C136 C82 C195 C196 C81 C89
 C46 C16 C66 C94 C113 C156 C162 C163 C17 C18
 C35 C43 C12 C50 C49 C100 C146 C103 C148 C153
 C174 C91 C92 C159 C78 C98 C102 C62 C63 C93
 C107 C192 C150 C13 C32 C108 C109 C110 C112 C79
 C114 C115 C116 C117 C119 C193 C111 C166 C180 C181
 C182 C183 C184 C187 C191 C204 C205 C197 C201 C202
 C203.
库中找不到元件类型 MOSFET-P - 无法检查下列元件:
 Q11 Q13 Q22 Q18 Q4 Q14 Q3 Q27 Q9 Q31
 Q10.
库中找不到元件类型 ADG839 - 无法检查下列元件:
 U1.
库中找不到元件类型 FB_SMD - 无法检查下列元件:
 FB7 FB2 FB4 FB11 FB13 FB5 FB10 FB1 FB6 FB9
 FB12 FB14 L12 L2 L4 L5 L7.
库中找不到元件类型 HF-LPT200-1 - 无法检查下列元件:
 U21.
库中找不到元件类型 LTC2942 - 无法检查下列元件:
 U3.
库中找不到元件类型 ADG1613 - 无法检查下列元件:
 U24 U23.
库中找不到元件类型 FPC12/PITCH0.5 - 无法检查下列元件:
 J2.
库中找不到元件类型 SN74LVC2G86 - 无法检查下列元件:
 U33.
库中找不到元件类型 ADP2504 - 无法检查下列元件:
 U4 U41.
库中找不到元件类型 MOSFET-N - 无法检查下列元件:
 Q7 Q16 Q17 Q8 Q2 Q21 Q5 Q12.
库中找不到元件类型 SMD3X2.5DRO1.0 - 无法检查下列元件:
 485B 485A BEEP LINEB LINEA BEEP2 BAT- BAT+.
库中找不到元件类型 RF - 无法检查下列元件:
 J5.
库中找不到元件类型 SMT_F - 无法检查下列元件:
 J7.
库中找不到元件类型 ESDALC6V1P3 - 无法检查下列元件:
 Q6 Q1 Q15.
库中找不到元件类型 L-COM - 无法检查下列元件:
 L1 L6 L3.
库中找不到元件类型 MAX485 - 无法检查下列元件:
 U26.
库中找不到元件类型 AT45DB642D-CNU - 无法检查下列元件:
 U31.
库中找不到元件类型 LT3593ES6 - 无法检查下列元件:
 U46.
库中找不到元件类型 CAP - 无法检查下列元件:
 C20 C23 C24 C26 C28 C29 C158 C25 C30 C31
 C87 C97 C88 C38 C90 C36 C37 C39 C40 C42
 C48 C51 C53 C54 C57 C61 C65 C69 C73 C76
 C77.
库中找不到元件类型 SSD1963-TFPQ - 无法检查下列元件:
 U18.
库中找不到元件类型 INDUCTANCE - 无法检查下列元件:
 L10 L9 L15 L8 L14 L11.
库中找不到元件类型 USB-TYPEC-1 - 无法检查下列元件:
 J1.
库中找不到元件类型 RES_SMD - 无法检查下列元件:
 R39 R42 R17 R106 R109 R197 R121 R147 R198 R199
 R200 R189 R190 R19 R25 R104 R105 R108 R116 R110
 R16.
库中找不到元件类型 TF_CARD - 无法检查下列元件:
 CN1.
库中找不到元件类型 ESDA17-5SC6 - 无法检查下列元件:
 U19 U38 U8 U5.
库中找不到元件类型 OP262 - 无法检查下列元件:
 U10 U16 U32 U35.
元件类型 DIODE 的下列门管脚与库元件不匹配:
 (2 K) (1 A).
下列元件未使用与元件类型 DIODE 匹配的元件类型:
 D5 D10 D13 D4 D24 D14 D9 D2 D16 D3
 D8 D17 D6 D7.
库中找不到元件类型 CC2541 - 无法检查下列元件:
 U6.
库中找不到元件类型 ML1220 - 无法检查下列元件:
 BAT1.
库中找不到元件类型 FPC16 - 无法检查下列元件:
 J8.
库中找不到元件类型 RELAY_G6K - 无法检查下列元件:
 K7 K2 K1.
库中找不到 PCB 封装 1210R - 无法检查元件类型为 RES1210 的下列元件:
 R150 R1 R224.
库中找不到 PCB 封装 1206R - 无法检查元件类型为 RES1206 的下列元件:
 R205.
库中找不到元件类型 LM211M - 无法检查下列元件:
 U7 U34.
库中找不到元件类型 INA128 - 无法检查下列元件:
 U30.
库中找不到元件类型 TESTPOINT/DR1.0 - 无法检查下列元件:
 PORT1 PORT2 OUT_FALL OUT_RISE OUT_SINGEL.
库中找不到元件类型 CAP_ELE - 无法检查下列元件:
 C47 C58 C106 C104 C105.
库中找不到元件类型 CON_SIP_4 - 无法检查下列元件:
 J6.
库中找不到元件类型 OSCILLATOR - 无法检查下列元件:
 Y5.
库中找不到元件类型 XVSMD - 无法检查下列元件:
 Y1.
元件类型 LED 的下列门管脚与库元件不匹配:
 (2 K) (1 A).
下列元件未使用与元件类型 LED 匹配的元件类型:
 D12 D15 D1 D11.
库中找不到元件类型 STM32F407 - 无法检查下列元件:
 U9.
库中找不到元件类型 NEO-7 - 无法检查下列元件:
 U25.
库中找不到元件类型 LTC2950 - 无法检查下列元件:
 U48.
库中找不到元件类型 SN74LVC2G157 - 无法检查下列元件:
 U36.
库中找不到元件类型 CD74AC02 - 无法检查下列元件:
 U42.
库中找不到元件类型 SN74AHC1G32 - 无法检查下列元件:
 U15.
库中找不到元件类型 MOTO-3610 - 无法检查下列元件:
 U14.
库中找不到元件类型 SN74LV1T08 - 无法检查下列元件:
 U37.
库中找不到元件类型 SY6902A - 无法检查下列元件:
 U40.
库中找不到元件类型 REF194 - 无法检查下列元件:
 U12.
库中找不到元件类型 LM828M5 - 无法检查下列元件:
 U13.
库中找不到元件类型 LMR62014XMF - 无法检查下列元件:
 U20 U22.
库中找不到元件类型 LT1763IDE - 无法检查下列元件:
 U39 U27.
库中找不到元件类型 LM4871 - 无法检查下列元件:
 U43.
库中找不到元件类型 FPC54 - 无法检查下列元件:
 J3.
库中找不到元件类型 XD32.768KHZ - 无法检查下列元件:
 U11 Y2.
库中找不到元件类型 XX - 无法检查下列元件:
 U17.
库中找不到元件类型 NUF8402MN - 无法检查下列元件:
 U28 U29 U44 U45.
库中找不到元件类型 TSP77012DBV - 无法检查下列元件:
 U52.

单个/零个管脚网络警告
---------------------
网络 SBU1 在 PCB 网表文件中的管脚不足两个。
网络 SBU2 在 PCB 网表文件中的管脚不足两个。

原理图连接性错误
----------------

电源或接地符号使用了不正确的网络名

AGND
SEND         X14756 Y4156  - 网络所用接地符号: CHGND
APOWER       X3372  Y1908  - 网络所用接地符号: GND

DGND
CPU          X14574 Y4750  - 网络所用接地符号: GND
CPU          X11258 Y2806  - 网络所用接地符号: GND
CPU          X12526 Y5450  - 网络所用接地符号: GND
CPU          X14550 Y6350  - 网络所用接地符号: GND
CPU          X9846  Y1080  - 网络所用接地符号: GND
CPU          X12650 Y7700  - 网络所用接地符号: GND
CPU          X1850  Y1300  - 网络所用接地符号: GND
CPU          X7950  Y1050  - 网络所用接地符号: GND
CPU          X1150  Y1950  - 网络所用接地符号: GND
CPU          X8150  Y2150  - 网络所用接地符号: GND
CPU          X12500 Y6300  - 网络所用接地符号: GND
485+FLASH+SD X5460  Y8564  - 网络所用接地符号: GND
485+FLASH+SD X14710 Y6164  - 网络所用接地符号: CHGND
485+FLASH+SD X4060  Y7714  - 网络所用接地符号: GND
485+FLASH+SD X9610  Y7214  - 网络所用接地符号: GND
485+FLASH+SD X9760  Y8414  - 网络所用接地符号: GND
485+FLASH+SD X10680 Y8880  - 网络所用接地符号: GND
485+FLASH+SD X4752  Y4248  - 网络所用接地符号: GND
485+FLASH+SD X4406  Y5048  - 网络所用接地符号: GND
485+FLASH+SD X10330 Y3282  - 网络所用接地符号: GND
485+FLASH+SD X9668  Y4360  - 网络所用接地符号: GND
KEY          X10556 Y2426  - 网络所用接地符号: GND
KEY          X8906  Y2176  - 网络所用接地符号: GND
KEY          X3356  Y1426  - 网络所用接地符号: GND
KEY          X8356  Y1376  - 网络所用接地符号: GND
KEY          X4206  Y2776  - 网络所用接地符号: GND
KEY          X3056  Y2370  - 网络所用接地符号: GND
KEY          X1656  Y1926  - 网络所用接地符号: GND
KEY          X6656  Y3806  - 网络所用接地符号: GND
KEY          X5256  Y2176  - 网络所用接地符号: GND
KEY          X3076  Y5306  - 网络所用接地符号: GND
KEY          X2676  Y9706  - 网络所用接地符号: GND
KEY          X3976  Y5306  - 网络所用接地符号: GND
LCD          X7518  Y1536  - 网络所用接地符号: GND
LCD          X15218 Y3186  - 网络所用接地符号: GND
LCD          X12418 Y3286  - 网络所用接地符号: GND
LCD          X5568  Y9556  - 网络所用接地符号: GND
LCD          X2518  Y3886  - 网络所用接地符号: GND
LCD          X11276 Y8914  - 网络所用接地符号: GND
LCD          X14476 Y8864  - 网络所用接地符号: GND
LCD          X12676 Y8564  - 网络所用接地符号: GND
LCD          X5200  Y3750  - 网络所用接地符号: GND
DPOWER       X9216  Y7790  - 网络所用接地符号: GND
DPOWER       X13410 Y3036  - 网络所用接地符号: GND
DPOWER       X3372  Y2096  - 网络所用接地符号: GND
DPOWER       X4172  Y2096  - 网络所用接地符号: GND
DPOWER       X6122  Y2146  - 网络所用接地符号: GND
DPOWER       X15532 Y3028  - 网络所用接地符号: GND
DPOWER       X6046  Y8264  - 网络所用接地符号: GND
CHARGE       X4636  Y1120  - 网络所用接地符号: AGND
CHARGE       X6936  Y920   - 网络所用接地符号: AGND
CHARGE       X4236  Y2320  - 网络所用接地符号: AGND
CHARGE       X12990 Y7650  - 网络所用接地符号: GND
CHARGE       X7344  Y5466  - 网络所用接地符号: GND
CHARGE       X6050  Y7900  - 网络所用接地符号: GND
CHARGE       X7350  Y7550  - 网络所用接地符号: GND
CHARGE       X3450  Y6750  - 网络所用接地符号: GND
CHARGE       X4900  Y7600  - 网络所用接地符号: GND
CHARGE       X9200  Y7900  - 网络所用接地符号: GND
CHARGE       X9550  Y8700  - 网络所用接地符号: GND
USB+SOUND    X5898  Y7538  - 网络所用接地符号: AGND
USB+SOUND    X7758  Y8992  - 网络所用接地符号: AGND
USB+SOUND    X12450 Y7650  - 网络所用接地符号: AGND
USB+SOUND    X10658 Y8992  - 网络所用接地符号: AGND
USB+SOUND    X6662  Y3146  - 网络所用接地符号: GND
USB+SOUND    X13126 Y3710  - 网络所用接地符号: GND
USB+SOUND    X8720  Y4832  - 网络所用接地符号: GND
USB+SOUND    X11366 Y3172  - 网络所用接地符号: GND
USB+SOUND    X9666  Y3240  - 网络所用接地符号: GND
USB+SOUND    X14606 Y3660  - 网络所用接地符号: GND
USB+SOUND    X4250  Y3268  - 网络所用接地符号: GND
USB+SOUND    X3232  Y6844  - 网络所用接地符号: GND
USB+SOUND    X11632 Y6594  - 网络所用接地符号: GND
BLUETEETH+WIFI X12854 Y7662  - 网络所用接地符号: GND
BLUETEETH+WIFI X7340  Y7300  - 网络所用接地符号: AGND
BLUETEETH+WIFI X5550  Y8500  - 网络所用接地符号: AGND
BLUETEETH+WIFI X8704  Y1142  - 网络所用接地符号: GND
BLUETEETH+WIFI X11704 Y2342  - 网络所用接地符号: GND
BLUETEETH+WIFI X6904  Y2142  - 网络所用接地符号: GND
BLUETEETH+WIFI X8704  Y4442  - 网络所用接地符号: GND
BLUETEETH+WIFI X5404  Y2342  - 网络所用接地符号: GND
BLUETEETH+WIFI X10404 Y5542  - 网络所用接地符号: GND
BLUETEETH+WIFI X7904  Y5542  - 网络所用接地符号: GND
BLUETEETH+WIFI X10104 Y6942  - 网络所用接地符号: GND
BLUETEETH+WIFI X12504 Y4242  - 网络所用接地符号: GND
BLUETEETH+WIFI X14532 Y3580  - 网络所用接地符号: GND
BLUETEETH+WIFI X11404 Y4142  - 网络所用接地符号: GND
BLUETEETH+WIFI X2394  Y4438  - 网络所用接地符号: GND
SCAN         X6316  Y6338  - 网络所用接地符号: GND
SCAN         X11966 Y4988  - 网络所用接地符号: GND
SCAN         X3650  Y6550  - 网络所用接地符号: GND
SCAN         X5096  Y3714  - 网络所用接地符号: GND
GPS          X4710  Y5498  - 网络所用接地符号: GND
GPS          X4010  Y4898  - 网络所用接地符号: GND
GPS          X4710  Y4298  - 网络所用接地符号: GND
GPS          X6794  Y6736  - 网络所用接地符号: GND
GPS          X10694 Y4698  - 网络所用接地符号: GND
GPS          X7094  Y4348  - 网络所用接地符号: GND
GPS          X10544 Y5898  - 网络所用接地符号: GND
GPS          X1300  Y3250  - 网络所用接地符号: GND

VCC_3.3V
GPS          X6544  Y7636  - 网络所用电源符号: +5V

具有页间连接的子网未参考其他子网

485A
485+FLASH+SD X13460 Y7914 

485B
485+FLASH+SD X13460 Y8114 

CON_LINA
SEND         X15256 Y7106 

CON_LINB
SEND         X15256 Y6706 

SBU1
USB+SOUND    X10366 Y5508 

SBU2
USB+SOUND    X10666 Y3408 

SPOUT1
USB+SOUND    X11058 Y9192 

SPOUT2
USB+SOUND    X10258 Y7042 
