Drill Listing
=============
Drill: .012  Tool: 1  Feed: 95  Speed: 300
X 142125  Y 186220
X 136614  Y 192519
X 140551  Y 198031
X 134251  Y 200000
X 146456  Y 200787
X 131496  Y 204330
X 137795  Y 205511
X 144881  Y 206692
X 128346  Y 209055
X 136614  Y 210236
X 125984  Y 213385
X 126377  Y 219685
X 146062  Y 254330
X 129133  Y 270866
X 136614  Y 271259
X 132677  Y 284645
X 142125  Y 284645
X 139763  Y 295669
X 146456  Y 306299
X 148818  Y 316535
X 168110  Y 340551
X 170078  Y 332677
X 170078  Y 328740
X 170078  Y 324803
X 161417  Y 323228
X 167322  Y 317716
X 168897  Y 309448
X 167322  Y 290157
X 172440  Y 283858
X 161023  Y 282677
X 168503  Y 268503
X 162204  Y 268503
X 162204  Y 259842
X 168503  Y 259842
X 152755  Y 259448
X 161023  Y 211811
X 153937  Y 209842
X 161811  Y 197244
X 168503  Y 188582
X 159448  Y 183858
X 168503  Y 173622
X 168897  Y 154724
X 200393  Y 126771
X 190157  Y 131889
X 195669  Y 132283
X 183858  Y 135433
X 188582  Y 138582
X 178346  Y 141732
X 199212  Y 144881
X 189370  Y 151968
X 187795  Y 155905
X 196850  Y 160629
X 190551  Y 160629
X 198425  Y 167716
X 199606  Y 175196
X 199212  Y 179133
X 180314  Y 181102
X 192125  Y 182677
X 199606  Y 190157
X 189763  Y 190551
X 176771  Y 191338
X 183464  Y 196062
X 200000  Y 199606
X 183070  Y 201574
X 189370  Y 202362
X 178740  Y 203543
X 184251  Y 210236
X 187401  Y 213779
X 198818  Y 215354
X 191732  Y 217322
X 178740  Y 226771
X 200000  Y 242125
X 198818  Y 251968
X 198818  Y 259055
X 183464  Y 268110
X 175984  Y 268503
X 185039  Y 284251
X 185433  Y 310629
X 183858  Y 324803
X 183858  Y 328740
X 183858  Y 332677
X 178346  Y 345275
X 189370  Y 345669
X 180708  Y 351181
X 222834  Y 344881
X 214960  Y 314173
X 215748  Y 308661
X 218503  Y 305511
X 212992  Y 305511
X 218503  Y 298031
X 211417  Y 292913
X 211811  Y 289370
X 208267  Y 283858
X 213779  Y 283858
X 220078  Y 283858
X 224409  Y 282677
X 223228  Y 264566
X 204330  Y 255511
X 224409  Y 238976
X 219685  Y 230708
X 209842  Y 229133
X 202362  Y 228740
X 215748  Y 227559
X 224015  Y 227165
X 202362  Y 219685
X 211417  Y 206299
X 216535  Y 205511
X 201574  Y 194488
X 205511  Y 190944
X 213779  Y 179133
X 213779  Y 170472
X 212598  Y 143700
X 220866  Y 141732
X 220078  Y 132677
X 218503  Y 123228
X 234645  Y 139763
X 240944  Y 140551
X 238582  Y 174409
X 246456  Y 186614
X 235433  Y 190551
X 241732  Y 235039
X 248818  Y 235826
X 250787  Y 240157
X 238976  Y 242519
X 243700  Y 250000
X 248425  Y 253149
X 247244  Y 257874
X 250787  Y 260236
X 231496  Y 264960
X 231496  Y 270866
X 237795  Y 271653
X 249212  Y 272047
X 233858  Y 288188
X 245669  Y 297637
X 240944  Y 309842
X 229133  Y 311811
X 242519  Y 315748
X 248031  Y 330708
X 244881  Y 330708
X 248031  Y 337795
X 244881  Y 337795
X 239370  Y 365354
X 273622  Y 352755
X 260629  Y 352362
X 260629  Y 349606
X 273622  Y 349606
X 260629  Y 346850
X 273622  Y 346850
X 261811  Y 339370
X 252362  Y 316535
X 265354  Y 311417
X 257480  Y 309448
X 262204  Y 305511
X 271259  Y 300393
X 257874  Y 294881
X 253149  Y 290551
X 255511  Y 287401
X 272440  Y 287401
X 266535  Y 279133
X 271653  Y 274015
X 253543  Y 271653
X 268503  Y 255118
X 265748  Y 249212
X 266141  Y 243700
X 256692  Y 239370
X 266929  Y 229921
X 258661  Y 214960
X 261417  Y 212204
X 253937  Y 210236
X 267322  Y 192913
X 274803  Y 187401
X 251181  Y 177952
X 261023  Y 177952
X 260629  Y 172440
X 269291  Y 159055
X 264566  Y 144094
X 252362  Y 139763
X 255905  Y 135039
X 288976  Y 131102
X 287007  Y 141732
X 279527  Y 145669
X 285433  Y 159055
X 279133  Y 159055
X 296456  Y 164960
X 279133  Y 165748
X 280314  Y 185433
X 277559  Y 189763
X 277952  Y 194488
X 277952  Y 204724
X 278346  Y 208661
X 283070  Y 212204
X 278346  Y 212598
X 281102  Y 229133
X 283070  Y 232677
X 283464  Y 236220
X 280314  Y 238976
X 290157  Y 241732
X 282677  Y 243307
X 285433  Y 246062
X 279921  Y 256692
X 287795  Y 259448
X 279527  Y 265748
X 291732  Y 271259
X 282677  Y 271259
X 282283  Y 274803
X 287795  Y 277952
X 291732  Y 280708
X 282283  Y 281102
X 287795  Y 281889
X 292519  Y 287401
X 291338  Y 295275
X 281496  Y 296456
X 291338  Y 301181
X 284645  Y 301574
X 281496  Y 303543
X 290944  Y 308267
X 296456  Y 308267
X 280708  Y 310236
X 280314  Y 315748
X 288582  Y 317322
X 297244  Y 317716
X 293307  Y 317716
X 280314  Y 321259
X 291732  Y 322440
X 284251  Y 322834
X 284251  Y 329133
X 290157  Y 334251
X 291732  Y 350000
X 293307  Y 363385
X 314566  Y 343307
X 310629  Y 322834
X 305118  Y 318110
X 312204  Y 317716
X 301181  Y 308267
X 313385  Y 306692
X 313385  Y 301574
X 319291  Y 292519
X 306692  Y 285039
X 311023  Y 281496
X 311023  Y 279133
X 305511  Y 278346
X 301181  Y 271259
X 311023  Y 262992
X 307086  Y 262992
X 311023  Y 260629
X 303937  Y 256692
X 307874  Y 254330
X 307480  Y 250393
X 314173  Y 239370
X 305118  Y 237007
X 321653  Y 219685
X 325196  Y 196456
X 312992  Y 195669
X 301968  Y 189370
X 307874  Y 171259
X 311023  Y 156692
X 315748  Y 148425
X 303937  Y 141732
X 305511  Y 129921
X 329921  Y 148425
X 340551  Y 156299
X 350000  Y 165354
X 337007  Y 168110
X 350393  Y 183070
X 350393  Y 202362
X 327952  Y 205511
X 350787  Y 227559
X 335433  Y 233464
X 326377  Y 242913
X 328346  Y 250393
X 328346  Y 257874
X 344094  Y 261811
X 348425  Y 269291
X 337007  Y 270078
X 348031  Y 275984
X 327559  Y 277559
X 348425  Y 283070
X 344094  Y 288582
X 345275  Y 303543
X 340157  Y 307086
X 350000  Y 311811
X 350393  Y 315748
X 337007  Y 318503
X 329921  Y 318897
X 337007  Y 320866
X 344488  Y 329921
X 349606  Y 331102
X 345275  Y 335826
X 351181  Y 322440
X 361417  Y 296850
X 369685  Y 294488
X 351574  Y 288582
X 373228  Y 285433
X 368503  Y 277952
X 374409  Y 272834
X 368897  Y 262598
X 351574  Y 262598
X 360629  Y 252362
X 368503  Y 250393
X 361023  Y 237401
X 367716  Y 235039
X 356692  Y 231889
X 357086  Y 225984
X 359842  Y 223228
X 366535  Y 199606
X 368110  Y 193307
X 363385  Y 182283
X 358661  Y 171259
X 377952  Y 228346
X 380708  Y 234645
X 381889  Y 251574
X 381889  Y 259448

Drill: .035  Tool: 2  Feed: 197  Speed: 550
X 191732  Y 232283
X 191732  Y 240157
X 191732  Y 248031
X 191732  Y 255905
X 196456  Y 272834
X 270854  Y 365896
X 262980  Y 365896
X 255106  Y 365896
X 204330  Y 272834
X 212204  Y 272834
X 220078  Y 272834
X 278728  Y 365896

Drill: .0378  Tool: 3  Feed: 197  Speed: 550
X 131496  Y 227952
X 131496  Y 257952

Drill: .06299  Tool: 4  Feed: 89  Speed: 550
X 245682  Y 126170
X 212703  Y 354656

Drill: .06299  Tool: 5  Feed: 89  Speed: 550
X 261082  Y 126570
X 197303  Y 354256
X 276078  Y 127464

End of Listing
