Drill Listing
=============
Drill: .012  Tool: 1  Feed: 95  Speed: 300
X 172440  Y 192913
X 209448  Y 173228
X 213779  Y 191338
X 235433  Y 131889
X 235433  Y 203937

Drill: .035  Tool: 2  Feed: 197  Speed: 550
X 227480  Y 155196
X 227480  Y 165039
X 227480  Y 172913
X 227480  Y 182755
X 196062  Y 199606
X 188188  Y 199606
X 180314  Y 199606
X 172440  Y 199606

Drill: .03937  Tool: 3  Feed: 197  Speed: 550
X 232795  Y 139842 X 237913  Y 139842
X 232795  Y 198110 X 237913  Y 198110

Drill: .04331  Tool: 4  Feed: 139  Speed: 550
X 111417  Y 157874
X 111417  Y 167874
X 111417  Y 177874
X 111417  Y 187874

End of Listing
