***  Installation Started 04/16/2020 17:35  ***
Title: Font Converter Installation
Source: C:\Users\Administrator\Documents\WeChat Files\DanielWang233\FileStorage\File\2020-04\SetupFontCvt_V522.exe
Made Dir: D:\software\FontCvtV522
File Copy: D:\software\FontCvtV522\UNWISE.EXE
RegDB Key: Software\Microsoft\Windows\CurrentVersion\Uninstall\FontCvtV5.22
RegDB Val: FontCvtV5.22
RegDB Name: DisplayName
RegDB Root: 2
RegDB Key: Software\Microsoft\Windows\CurrentVersion\Uninstall\FontCvtV5.22
RegDB Val: D:\software\FONTCV~1\UNWISE.EXE D:\software\FONTCV~1\INSTALL.LOG
RegDB Name: UninstallString
RegDB Root: 2
File Copy: D:\software\FontCvtV522\U2C.exe
File Copy: D:\software\FontCvtV522\FontCvt.exe
Made Dir: C:\Users\Administrator\AppData\Roaming\Microsoft\Windows\Start Menu\Programs\Segger\FontCvt V5.22
Shell Link: C:\Users\Administrator\AppData\Roaming\Microsoft\Windows\Start Menu\Programs\Segger\FontCvt V5.22\FontCvt V5.22.lnk
Shell Link: C:\Users\Administrator\AppData\Roaming\Microsoft\Windows\Start Menu\Programs\Segger\FontCvt V5.22\U2C.lnk
Shell Link: C:\Users\Administrator\AppData\Roaming\Microsoft\Windows\Start Menu\Programs\Segger\FontCvt V5.22\Remove FontCvt V5.22.lnk
Shell Link: C:\Users\Administrator\Desktop\FontCvt V5.22.lnk
RegDB Key: SOFTWARE\Microsoft\Windows\CurrentVersion\Uninstall\FontCvtV5.22
RegDB Val: FontCvt V5.22
RegDB Name: DisplayName
RegDB Root: 2
RegDB Old: FontCvtV5.22
RegDB Key: SOFTWARE\Microsoft\Windows\CurrentVersion\Uninstall\FontCvtV5.22
RegDB Val: D:\software\FONTCV~1\Unwise.exe
RegDB Name: UninstallString
RegDB Root: 2
RegDB Old: D:\software\FONTCV~1\UNWISE.EXE D:\software\FONTCV~1\INSTALL.LOG
RegDB Key: SOFTWARE\Microsoft\Windows\CurrentVersion\Uninstall\FontCvtV5.22
RegDB Val: V5.22
RegDB Name: DisplayVersion
RegDB Root: 2
RegDB Key: SOFTWARE\Microsoft\Windows\CurrentVersion\Uninstall\FontCvtV5.22
RegDB Val: SEGGER Microcontroller Systeme GmbH
RegDB Name: Publisher
RegDB Root: 2
RegDB Key: SOFTWARE\Microsoft\Windows\CurrentVersion\Uninstall\FontCvtV5.22
RegDB Val: www.segger.com 
RegDB Name: URLInfoAbout
RegDB Root: 2
RegDB Key: SOFTWARE\Microsoft\Windows\CurrentVersion\Uninstall\FontCvtV5.22
RegDB Val: support@segger.com
RegDB Name: Contact
RegDB Root: 2
RegDB Key: SOFTWARE\Microsoft\Windows\CurrentVersion\Uninstall\FontCvtV5.22
RegDB Val: D:\software\FONTCV~1\FontCvt.exe
RegDB Name: DisplayIcon
RegDB Root: 2
User Rights: Admin
