Library Converter 报告 - 2015年10月16日 19:17:31
Converting C:\Users\Administrator\Desktop\ourdev_449775\2D-Decal.pt4...
记录已转换:0
错误: 0

Converting C:\Users\Administrator\Desktop\ourdev_449775\2D-Decal.pd4...
记录已转换:0
错误: 0

Converting C:\Users\Administrator\Desktop\ourdev_449775\2D-Decal.ld4...
记录已转换:0
错误: 0

Converting C:\Users\Administrator\Desktop\ourdev_449775\2D-Decal.ln4...
BGA_POLARITY_LAYER_1 - OK
BGA_POLARITY_LAYER_27 - OK
CAP_POLARITY_1.5MM - OK
CAP_POLARITY_1MM - OK
CAP_POLARITY_2MM - OK
CENTROID_CROSSHAIR - OK
CONNECTOR_PIN1 - OK
COURTYARD - OK
IC_POLARITY_LAYER_1 - OK
IC_POLARITY_LAYER_27 - OK
POST_ASSY_DOT - OK
记录已转换:11
错误: 0

Converting C:\Users\Administrator\Desktop\ourdev_449775\2D-Lines.pt4...
记录已转换:0
错误: 0

Converting C:\Users\Administrator\Desktop\ourdev_449775\2D-Lines.pd4...
记录已转换:0
错误: 0

Converting C:\Users\Administrator\Desktop\ourdev_449775\2D-Lines.ld4...
记录已转换:0
错误: 0

Converting C:\Users\Administrator\Desktop\ourdev_449775\2D-Lines.ln4...
CE - OK
COPYRIGHT - OK
COPYRIGHTB - OK
DIM-135 - OK
DIM-225 - OK
DIM-315 - OK
DIM-45 - OK
DIM-ARROW - OK
DIM-BOTTOM - OK
DIM-LEFT - OK
DIM-RIGHT - OK
DIM-TOP - OK
ESD-HAND - OK
ESD-HANDB - OK
ESD-SYMBOL - OK
ESD-SYMBOLB - OK
FABNOTES - OK
FCC - OK
FLAG - OK
HIGH_VOLTAGE_SYMBOL - OK
HIGH_VOLTAGE_SYMBOLB - OK
LAYUP02 - OK
LAYUP04 - OK
LAYUP06 - OK
LAYUP08 - OK
LAYUP10 - OK
LAYUP12 - OK
LIB-ASSYDOT - OK
LIB-CENTROID - OK
LIB-CONNECTOR_PIN1 - OK
LIB-POLARITY1 - OK
LIB-POLARITY27 - OK
LOGO - OK
PHO - OK
REV-BLOCK - OK
REV-BLOCKB - OK
S/N-BLOCK - OK
S/N-BLOCKB - OK
SEE_DETAIL_A - OK
TARGET - OK
TEXT02A - OK
TEXT02B - OK
TEXT02C - OK
TEXT04A - OK
TEXT04B - OK
TEXT04C - OK
TEXT04D - OK
TEXT04E - OK
TEXT06A - OK
TEXT06B - OK
TEXT06C - OK
TEXT06D - OK
TEXT06E - OK
TEXT06F - OK
TEXT06G - OK
TEXT06H - OK
TEXT06J - OK
TEXT06K - OK
TEXT08A - OK
TEXT08B - OK
TEXT08C - OK
TEXT08D - OK
TEXT08E - OK
TEXT08F - OK
TEXT08G - OK
TEXT08H - OK
TEXT08J - OK
TEXT08K - OK
TEXT08L - OK
TEXT10A - OK
TEXT10B - OK
TEXT10C - OK
TEXT10D - OK
TEXT10E - OK
TEXT10F - OK
TEXT10G - OK
TEXT10H - OK
TEXT10J - OK
TEXT10K - OK
TEXT12A - OK
TEXT12B - OK
TEXT12C - OK
TEXT12D - OK
TEXT12E - OK
TEXT12F - OK
TEXT12G - OK
TEXT12H - OK
TEXT12J - OK
TEXT12K - OK
TEXT12L - OK
TEXT14A - OK
TEXT14B - OK
TEXT14C - OK
TEXT14D - OK
TEXT14E - OK
TEXT14F - OK
TEXT14G - OK
TEXT16A - OK
TEXT16B - OK
TEXT16C - OK
TEXT16D - OK
TITLE - OK
V-CUT_L - OK
WIN20-02 - OK
WIN20-02A - OK
WIN20-02B - OK
WIN20-02C - OK
WIN20-04 - OK
WIN20-04A - OK
WIN20-04B - OK
WIN20-04C - OK
WIN20-04D - OK
WIN20-04E - OK
WIN20-06 - OK
WIN20-06A - OK
WIN20-06B - OK
WIN20-06C - OK
WIN20-06D - OK
WIN20-06E - OK
WIN20-06F - OK
WIN20-06G - OK
WIN20-06H - OK
WIN20-06J - OK
WIN20-06K - OK
WIN20-08 - OK
WIN20-08A - OK
WIN20-08B - OK
WIN20-08C - OK
WIN20-08D - OK
WIN20-08E - OK
WIN20-08F - OK
WIN20-08G - OK
WIN20-08H - OK
WIN20-08J - OK
WIN20-08K - OK
WIN20-10 - OK
WIN20-10A - OK
WIN20-10B - OK
WIN20-10C - OK
WIN20-10D - OK
WIN20-10E - OK
WIN20-10F - OK
WIN20-10G - OK
WIN20-10H - OK
WIN20-10J - OK
WIN20-10K - OK
WIN20-12 - OK
WIN20-12A - OK
WIN20-12B - OK
WIN20-12C - OK
WIN20-12D - OK
WIN20-12E - OK
WIN20-12F - OK
WIN20-12G - OK
WIN20-12H - OK
WIN20-12J - OK
WIN20-12K - OK
WIN20-12L - OK
WINSM02 - OK
WINSM04 - OK
WINSM06 - OK
WINSM08 - OK
WINSM10 - OK
WINSM12 - OK
WINSM14 - OK
WINSM16 - OK
WRS_LOGO - OK
记录已转换:167
错误: 0

Converting C:\Users\Administrator\Desktop\ourdev_449775\MISC.pt4...
1N4001 - OK
1N4002 - OK
1N4003 - OK
1N4004 - OK
1N4005 - OK
1N4006 - OK
1N4007 - OK
DIO_1.5KE6-400CA - OK
DIO_1N4148W - OK
DIO_1N6267-6303A - OK
DIO_BAT400D - OK
DIO_BAT54A - OK
DIO_BAT54C - OK
DIO_BAT54S - OK
DIO_BZX99 - OK
DIO_CMPSH-3 - OK
DIO_CMPSH-3A - OK
DIO_CMPSH-3C - OK
DIO_CMPSH-3S - OK
DIO_CMSH1 - OK
DIO_DT25.1A - OK
DIO_FMMD6100 - OK
DIO_LL4148 - OK
DIO_LL4448 - OK
DIO_MA2S728 - OK
DIO_MBR0540T - OK
DIO_MBR350 - OK
DIO_MBR360 - OK
DIO_MBRS1100T3 - OK
DIO_MBRS140T3 - OK
DIO_MBRS340T3 - OK
DIO_MBRS360T3 - OK
DIO_MMBD914LT1 - OK
DIO_MMBZ5221BLT1 - OK
DIO_MUR3020WT - OK
DIO_P1101SC - OK
DIO_SB520-560 - OK
IC_LM340S-5.0 - OK
IC_LTC3404 - OK
IC_TC7SH08F - OK
IC_TC7SH08FU - OK
IC_TC7SH32F - OK
IC_TC7SH32FU - OK
MBRM120LT3 - OK
MN13821-F - OK
SOT-223BCECN - OK
SOT-223N_ACA - OK
SOT-223N_ACN - OK
SOT-223N_BCE - OK
SOT-223N_CAG - OK
SOT-223N_DGS - OK
SOT-223N_GDS - OK
SOT-223N_SDG - OK
SOT-23N_AAC - OK
SOT-23N_ACC - OK
SOT-23N_ACG - OK
SOT-23N_AC_CA - OK
SOT-23N_ANC - OK
SOT-23N_BEC - OK
SOT-23N_CAG - OK
SOT-23N_CA_CA - OK
SOT-23N_CCA - OK
SOT-23N_CGA - OK
SOT-23N_DSG - OK
SOT-23N_EBC - OK
SOT-23N_GCA - OK
SOT-23N_GDS - OK
SOT-23N_GSD - OK
SOT-23N_NAC - OK
SOT-23N_NCA - OK
SOT-23N_SDG - OK
TRANS_2N7002 - OK
TRANS_FMMT2222A - OK
TRANS_FMMT619 - OK
TRANS_FZT951 - OK
TRANS_IRF644N - OK
TRANS_IRLML2502 - OK
TRANS_MJE200 - OK
TRANS_MMBT1010LT1 - OK
TRANS_MMBT2222LT1 - OK
TRANS_MMBT2907ALT1 - OK
TRANS_MMBT3904LT1 - OK
TRANS_MMBT3906LT1 - OK
TRANS_MMBT5401LT1 - OK
TRANS_MMBT5550LT1 - OK
TRANS_MMFT3055VL - OK
TRANS_NDS9953A - OK
TRANS_NE85633 - OK
TRANS_SI2301DS - OK
TRANS_SI4410DY - OK
TRANS_SI4925DY - OK
XDCR_TSOP5230 - OK
XDCR_TSOP5233 - OK
XDCR_TSOP5236 - OK
XDCR_TSOP5237 - OK
XDCR_TSOP5238 - OK
XDCR_TSOP5240 - OK
XDCR_TSOP5256 - OK
记录已转换:98
错误: 0

Converting C:\Users\Administrator\Desktop\ourdev_449775\MISC.pd4...
记录已转换:0
错误: 0

Converting C:\Users\Administrator\Desktop\ourdev_449775\MISC.ld4...
记录已转换:0
错误: 0

Converting C:\Users\Administrator\Desktop\ourdev_449775\MISC.ln4...
记录已转换:0
错误: 0

Converting C:\Users\Administrator\Desktop\ourdev_449775\SML.pt4...
CAP0603L - OK
CAP0816L - OK
CAP1005L - OK
CAP1310L - OK
CAP1320L - OK
CAP1608L - OK
CAP1632L - OK
CAP2012L - OK
CAP3216L - OK
CAP3225L - OK
CAP3813L - OK
CAP4520L - OK
CAP4532L - OK
CAP4564L - OK
CAP4833L - OK
CAP5664L - OK
CAP5750L - OK
CAP6041L - OK
CAPAE-AL - OK
CAPAE-BL - OK
CAPAE-CL - OK
CAPAE-DL - OK
CAPAE-EL - OK
CAPAE-FL - OK
CAPAE-GL - OK
CAPAE-HL - OK
CAPT2012L - OK
CAPT3216L - OK
CAPT3528L - OK
CAPT4726L - OK
CAPT5846L - OK
CAPT6032L - OK
CAPT7343HL - OK
CAPT7343L - OK
CAPT7358L - OK
CAPTCWR06AL - OK
CAPTCWR06BL - OK
CAPTCWR06CL - OK
CAPTCWR06DL - OK
CAPTCWR06EL - OK
CAPTCWR06FL - OK
CAPTCWR06GL - OK
CAPTCWR06HL - OK
DIOMLL34L - OK
DIOMLL41L - OK
DIOSMAL - OK
DIOSMBL - OK
DIOSMCL - OK
DIOSOD-123L - OK
DIOSOD-323L - OK
DIOSOD-523L - OK
DO-214AAL - OK
DO-214ABL - OK
DO-214ACL - OK
IND1005L - OK
IND1608L - OK
IND2012L - OK
IND2520L - OK
IND3216L - OK
IND3225L - OK
IND4516L - OK
IND4532L - OK
IND5750L - OK
IND6350L - OK
INDM2116L - OK
INDM2520L - OK
INDM3225L - OK
INDM3230L - OK
INDM4030L - OK
INDM4130L - OK
INDM4532L - OK
INDM5450L - OK
INDM8530L - OK
PLCC-100L - OK
PLCC-124L - OK
PLCC-20L - OK
PLCC-28L - OK
PLCC-44L - OK
PLCC-52L - OK
PLCC-68L - OK
PLCC-84L - OK
PLCCR-18AL - OK
PLCCR-18L - OK
PLCCR-22L - OK
PLCCR-28L - OK
PLCCR-32L - OK
QFP100CL - OK
QFP100SL - OK
QFP10X10-44AL - OK
QFP10X10-44BL - OK
QFP10X10-44CL - OK
QFP10X10-44L - OK
QFP10X10-52L - OK
QFP12X12-48L - OK
QFP12X12-64L - OK
QFP132CL - OK
QFP132SL - OK
QFP14X14-52AL - OK
QFP14X14-52L - OK
QFP14X14-64L - OK
QFP14X14-80L - OK
QFP14X20-100BL - OK
QFP14X20-100DL - OK
QFP14X20-100L - OK
QFP14X20-80AL - OK
QFP14X20-80BL - OK
QFP14X20-80CL - OK
QFP14X20-80L - OK
QFP15X21-64L - OK
QFP164CL - OK
QFP164SL - OK
QFP16X22-64L - OK
QFP17X17-52L - OK
QFP17X23-88L - OK
QFP196CL - OK
QFP196SL - OK
QFP20X20-112L - OK
QFP22X22-100L - OK
QFP244CL - OK
QFP244SL - OK
QFP28X28-120L - OK
QFP28X28-128L - OK
QFP28X28-144L - OK
QFP28X28-160AL - OK
QFP28X28-160L - OK
QFP28X28-168L - OK
QFP32X32-184L - OK
QFP40X40-232L - OK
QFP7X7-32L - OK
QFP84CL - OK
QFP84SL - OK
QFPP100CL - OK
QFPP100SL - OK
QFPP132CL - OK
QFPP132SL - OK
QFPP164CL - OK
QFPP164SL - OK
QFPP196CL - OK
QFPP196SL - OK
QFPP244CL - OK
QFPP244SL - OK
QFPP84CL - OK
QFPP84SL - OK
QFPS10X10-112L - OK
QFPS10X10-120L - OK
QFPS10X10-64AL - OK
QFPS10X10-64L - OK
QFPS10X10-72L - OK
QFPS10X10-80L - OK
QFPS10X10-88L - OK
QFPS10X14-100L - OK
QFPS10X14-108L - OK
QFPS10X14-140L - OK
QFPS10X14-148L - OK
QFPS10X14-80L - OK
QFPS10X14-88L - OK
QFPS12X12-100L - OK
QFPS12X12-108L - OK
QFPS12X12-136L - OK
QFPS12X12-144L - OK
QFPS12X12-80L - OK
QFPS12X12-88L - OK
QFPS14X14-100L - OK
QFPS14X14-108L - OK
QFPS14X14-120L - OK
QFPS14X14-128L - OK
QFPS14X14-168L - OK
QFPS14X14-176L - OK
QFPS14X20-120L - OK
QFPS14X20-128AL - OK
QFPS14X20-128BL - OK
QFPS14X20-128L - OK
QFPS14X20-152L - OK
QFPS14X20-160L - OK
QFPS14X20-208L - OK
QFPS14X20-216L - OK
QFPS16X16-120L - OK
QFPS20X20-144L - OK
QFPS20X20-152L - OK
QFPS20X20-184L - OK
QFPS20X20-192L - OK
QFPS20X20-248L - OK
QFPS20X20-256L - OK
QFPS20X28-176L - OK
QFPS20X28-184L - OK
QFPS20X28-224L - OK
QFPS20X28-232L - OK
QFPS20X28-300L - OK
QFPS20X28-308L - OK
QFPS24X24-176L - OK
QFPS24X24-184L - OK
QFPS24X24-224L - OK
QFPS24X24-232L - OK
QFPS24X24-296L - OK
QFPS24X24-304L - OK
QFPS28X28-160L - OK
QFPS28X28-208AL - OK
QFPS28X28-208BL - OK
QFPS28X28-208L - OK
QFPS28X28-216L - OK
QFPS28X28-256L - OK
QFPS28X28-264L - OK
QFPS28X28-272L - OK
QFPS28X28-352L - OK
QFPS28X28-360L - OK
QFPS28X40-256L - OK
QFPS28X40-264L - OK
QFPS28X40-324L - OK
QFPS28X40-332L - OK
QFPS28X40-432L - OK
QFPS28X40-440L - OK
QFPS32X32-240L - OK
QFPS32X32-248L - OK
QFPS32X32-304L - OK
QFPS32X32-312L - OK
QFPS32X32-400L - OK
QFPS32X32-408L - OK
QFPS36X36-272L - OK
QFPS36X36-280L - OK
QFPS36X36-344L - OK
QFPS36X36-352L - OK
QFPS36X36-456L - OK
QFPS36X36-464L - OK
QFPS40X40-304L - OK
QFPS40X40-312L - OK
QFPS40X40-384L - OK
QFPS40X40-392L - OK
QFPS40X40-512L - OK
QFPS40X40-520L - OK
QFPS44X44-336L - OK
QFPS44X44-344L - OK
QFPS44X44-424L - OK
QFPS44X44-432L - OK
QFPS44X44-568L - OK
QFPS44X44-576L - OK
QFPS5X5-24L - OK
QFPS5X5-32FL - OK
QFPS5X5-32L - OK
QFPS5X5-40L - OK
QFPS5X5-48L - OK
QFPS5X5-56L - OK
QFPS5X7-32L - OK
QFPS5X7-40L - OK
QFPS5X7-44L - OK
QFPS5X7-52L - OK
QFPS5X7-60L - OK
QFPS5X7-68L - OK
QFPS6X6-32L - OK
QFPS6X6-40FL - OK
QFPS6X6-40L - OK
QFPS6X6-48L - OK
QFPS6X6-56L - OK
QFPS6X6-64L - OK
QFPS7X10-100L - OK
QFPS7X10-52L - OK
QFPS7X10-60L - OK
QFPS7X10-68L - OK
QFPS7X10-76L - OK
QFPS7X10-92L - OK
QFPS7X7-40L - OK
QFPS7X7-48L - OK
QFPS7X7-56L - OK
QFPS7X7-64L - OK
QFPS7X7-72L - OK
QFPS7X7-80L - OK
QFPT10X10-44L - OK
QFPT10X10-52L - OK
QFPT14X14-64L - OK
QFPT14X14-80L - OK
QFPT14X20-100AL - OK
QFPT14X20-100CL - OK
QFPT24X24-176L - OK
RES0603L - OK
RES1005L - OK
RES1608L - OK
RES2012L - OK
RES3216L - OK
RES3225L - OK
RES3720L - OK
RES5025L - OK
RES5038L - OK
RES6235L - OK
RES6332L - OK
RES6350L - OK
RESM2012L - OK
RESM3216L - OK
RESM3516L - OK
RESM5923L - OK
RESN_742C08L - OK
SO14L - OK
SO14RPL - OK
SO14WL - OK
SO16L - OK
SO16RPL - OK
SO16WL - OK
SO18RPL - OK
SO18WL - OK
SO20RPL - OK
SO20WL - OK
SO24AL - OK
SO24RPL - OK
SO24WL - OK
SO24XL - OK
SO28AL - OK
SO28RPL - OK
SO28WL - OK
SO28XL - OK
SO32AL - OK
SO32WL - OK
SO32XL - OK
SO36AL - OK
SO36WL - OK
SO36XL - OK
SO8L - OK
SO8RPL - OK
SO8WL - OK
SOJ300-14L - OK
SOJ300-16L - OK
SOJ300-18L - OK
SOJ300-20L - OK
SOJ300-20_26L - OK
SOJ300-22L - OK
SOJ300-24L - OK
SOJ300-24_26L - OK
SOJ300-26L - OK
SOJ300-26_20L - OK
SOJ300-26_24L - OK
SOJ300-28L - OK
SOJ300-32L - OK
SOJ350-14L - OK
SOJ350-16L - OK
SOJ350-18L - OK
SOJ350-20L - OK
SOJ350-20_26L - OK
SOJ350-22L - OK
SOJ350-24L - OK
SOJ350-26L - OK
SOJ350-26_20L - OK
SOJ350-28L - OK
SOJ400-14L - OK
SOJ400-16L - OK
SOJ400-18L - OK
SOJ400-20L - OK
SOJ400-22L - OK
SOJ400-24L - OK
SOJ400-24_28L - OK
SOJ400-26L - OK
SOJ400-28L - OK
SOJ400-28_24L - OK
SOJ400-32L - OK
SOJ400-36L - OK
SOJ400-40L - OK
SOJ400-42L - OK
SOJ400-44L - OK
SOJ400-50_44L - OK
SOJ450-14L - OK
SOJ450-16L - OK
SOJ450-18L - OK
SOJ450-20L - OK
SOJ450-22L - OK
SOJ450-24L - OK
SOJ450-26L - OK
SOJ450-28L - OK
SOP100X1200-32L - OK
SOP10L - OK
SOP127X680-4L - OK
SOP127X780-14L - OK
SOP127X780-16L - OK
SOP127X780-20L - OK
SOP127X780-24L - OK
SOP12L - OK
SOP14L - OK
SOP16L - OK
SOP18L - OK
SOP20L - OK
SOP22L - OK
SOP24L - OK
SOP28L - OK
SOP30L - OK
SOP32L - OK
SOP36L - OK
SOP40L - OK
SOP42L - OK
SOP44L - OK
SOP50X620-40L - OK
SOP50X620-80L - OK
SOP63X1035-28L - OK
SOP63X1035-36L - OK
SOP63X1035-48L - OK
SOP63X1035-56L - OK
SOP63X1035-64L - OK
SOP63X600-16L - OK
SOP63X600-20L - OK
SOP63X600-24L - OK
SOP63X600-28L - OK
SOP63X780-14L - OK
SOP63X780-16L - OK
SOP63X780-20L - OK
SOP63X780-24L - OK
SOP63X780-28L - OK
SOP63X780-8L - OK
SOP65X400-8L - OK
SOP65X494-8L - OK
SOP65X505-8L - OK
SOP65X640-14L - OK
SOP65X640-16L - OK
SOP65X640-20L - OK
SOP65X640-24L - OK
SOP65X640-28L - OK
SOP65X640-8L - OK
SOP65X780-14L - OK
SOP65X780-16L - OK
SOP65X780-20L - OK
SOP65X780-24L - OK
SOP65X780-28L - OK
SOP65X780-30L - OK
SOP65X780-38L - OK
SOP65X780-8L - OK
SOP6L - OK
SOP80X1040-36L - OK
SOP80X1080-50L - OK
SOP80X1380-64L - OK
SOP80X1600-56L - OK
SOP80X900-16L - OK
SOP8L - OK
SOPT100X285-6L - OK
SOPT127X1175-24_28L - OK
SOPT127X1175-24_28RL - OK
SOPT127X1175-28_24L - OK
SOPT127X1175-28_24RL - OK
SOPT127X1175-32L - OK
SOPT127X1175-32RL - OK
SOPT30X2000-36L - OK
SOPT30X2000-52L - OK
SOPT30X2000-64L - OK
SOPT30X2000-76L - OK
SOPT40X1800-28L - OK
SOPT40X1800-40L - OK
SOPT40X1800-48L - OK
SOPT40X1800-60L - OK
SOPT40X640-14L - OK
SOPT40X640-16L - OK
SOPT40X640-20L - OK
SOPT40X640-24L - OK
SOPT40X640-48L - OK
SOPT40X640-56L - OK
SOPT40X810-100L - OK
SOPT40X810-80L - OK
SOPT50X1175-86L - OK
SOPT50X1340-32L - OK
SOPT50X1400-40L - OK
SOPT50X1600-24L - OK
SOPT50X1600-32L - OK
SOPT50X1600-40L - OK
SOPT50X1600-48L - OK
SOPT50X2000-32L - OK
SOPT50X2000-40L - OK
SOPT50X2000-48L - OK
SOPT50X2000-56L - OK
SOPT50X310-8L - OK
SOPT50X490-10L - OK
SOPT50X640-38L - OK
SOPT50X810-48L - OK
SOPT50X810-56L - OK
SOPT50X810-64L - OK
SOPT55X1340-28CL - OK
SOPT55X1340-28L - OK
SOPT55X1340-28RL - OK
SOPT65X1176-66L - OK
SOPT65X1400-16L - OK
SOPT65X1400-24L - OK
SOPT65X1400-28L - OK
SOPT65X1400-36L - OK
SOPT65X400-8L - OK
SOPT65X490-8L - OK
SOPT65X640-14L - OK
SOPT65X640-16L - OK
SOPT65X640-20L - OK
SOPT65X640-24L - OK
SOPT65X640-28L - OK
SOPT65X640-8L - OK
SOPT65X810-30L - OK
SOPT65X810-32L - OK
SOPT65X810-38L - OK
SOPT80X1175-32L - OK
SOPT80X1175-40_44L - OK
SOPT80X1175-40_44RL - OK
SOPT80X1175-44L - OK
SOPT80X1175-44_40L - OK
SOPT80X1175-44_40RL - OK
SOPT80X1175-50L - OK
SOPT80X1175-50_44L - OK
SOPT80X1175-54L - OK
SOT-143L - OK
SOT-143RL - OK
SOT-223-4L - OK
SOT-223-5L - OK
SOT-223L - OK
SOT-23-5L - OK
SOT-23-6L - OK
SOT-23-8L - OK
SOT-23L - OK
SOT-26AL - OK
SOT-323L - OK
SOT-343L - OK
SOT-343RL - OK
SOT-346L - OK
SOT-363L - OK
SOT-404L - OK
SOT-89L - OK
SSOP5-P-65L - OK
SSOP5-P-95L - OK
TO-220DD-7L - OK
TO-236L - OK
TO-252AAL - OK
TO-252L - OK
TO-263-2L - OK
TO-263AA-3L - OK
TO-263AB-2L - OK
TO-263AB-5L - OK
TO-263AC-7L - OK
TO-263AD-11L - OK
TO-263AE-15L - OK
TO-263BA-3L - OK
TO-263BB-5L - OK
TO-263BC-7L - OK
TO-263BD-9L - OK
TO-263D2-2L - OK
TO-263NS-3L - OK
TO-263NS-5L - OK
TO-263NS-7L - OK
TO-263ST-3L - OK
TO-263TI-5L - OK
VCO_VARIL-VCO19V-XXXT - OK
记录已转换:534
错误: 0

Converting C:\Users\Administrator\Desktop\ourdev_449775\SML.pd4...
CAP0603L - OK
CAP0816L - OK
CAP1005L - OK
CAP1310L - OK
CAP1320L - OK
CAP1608L - OK
CAP1632L - OK
CAP2012L - OK
CAP3216L - OK
CAP3225L - OK
CAP3813L - OK
CAP4520L - OK
CAP4532L - OK
CAP4564L - OK
CAP4833L - OK
CAP5664L - OK
CAP5750L - OK
CAP6041L - OK
CAPAE-AL - OK
CAPAE-BL - OK
CAPAE-CL - OK
CAPAE-DL - OK
CAPAE-EL - OK
CAPAE-FL - OK
CAPAE-GL - OK
CAPAE-HL - OK
CAPT2012L - OK
CAPT3216L - OK
CAPT3528L - OK
CAPT4726L - OK
CAPT5846L - OK
CAPT6032L - OK
CAPT7343HL - OK
CAPT7343L - OK
CAPT7358L - OK
CAPTCWR06AL - OK
CAPTCWR06BL - OK
CAPTCWR06CL - OK
CAPTCWR06DL - OK
CAPTCWR06EL - OK
CAPTCWR06FL - OK
CAPTCWR06GL - OK
CAPTCWR06HL - OK
DIOMLL34L - OK
DIOMLL41L - OK
DIOSMAL - OK
DIOSMBL - OK
DIOSMCL - OK
DIOSOD-123L - OK
DIOSOD-323L - OK
DIOSOD-523L - OK
DO-214AAL - OK
DO-214ABL - OK
DO-214ACL - OK
IND1005L - OK
IND1608L - OK
IND2012L - OK
IND2520L - OK
IND3216L - OK
IND3225L - OK
IND4516L - OK
IND4532L - OK
IND5750L - OK
IND6350L - OK
INDM2116L - OK
INDM2520L - OK
INDM3225L - OK
INDM3230L - OK
INDM4030L - OK
INDM4130L - OK
INDM4532L - OK
INDM5450L - OK
INDM8530L - OK
PLCC-100L - OK
PLCC-124L - OK
PLCC-20L - OK
PLCC-28L - OK
PLCC-44L - OK
PLCC-52L - OK
PLCC-68L - OK
PLCC-84L - OK
PLCCR-18AL - OK
PLCCR-18L - OK
PLCCR-22L - OK
PLCCR-28L - OK
PLCCR-32L - OK
QFP100CL - OK
QFP100SL - OK
QFP10X10-44AL - OK
QFP10X10-44BL - OK
QFP10X10-44CL - OK
QFP10X10-44L - OK
QFP10X10-52L - OK
QFP12X12-48L - OK
QFP12X12-64L - OK
QFP132CL - OK
QFP132SL - OK
QFP14X14-52AL - OK
QFP14X14-52L - OK
QFP14X14-64L - OK
QFP14X14-80L - OK
QFP14X20-100BL - OK
QFP14X20-100DL - OK
QFP14X20-100L - OK
QFP14X20-80AL - OK
QFP14X20-80BL - OK
QFP14X20-80CL - OK
QFP14X20-80L - OK
QFP15X21-64L - OK
QFP164CL - OK
QFP164SL - OK
QFP16X22-64L - OK
QFP17X17-52L - OK
QFP17X23-88L - OK
QFP196CL - OK
QFP196SL - OK
QFP20X20-112L - OK
QFP22X22-100L - OK
QFP244CL - OK
QFP244SL - OK
QFP28X28-120L - OK
QFP28X28-128L - OK
QFP28X28-144L - OK
QFP28X28-160AL - OK
QFP28X28-160L - OK
QFP28X28-168L - OK
QFP32X32-184L - OK
QFP40X40-232L - OK
QFP7X7-32L - OK
QFP84CL - OK
QFP84SL - OK
QFPP100CL - OK
QFPP100SL - OK
QFPP132CL - OK
QFPP132SL - OK
QFPP164CL - OK
QFPP164SL - OK
QFPP196CL - OK
QFPP196SL - OK
QFPP244CL - OK
QFPP244SL - OK
QFPP84CL - OK
QFPP84SL - OK
QFPS10X10-112L - OK
QFPS10X10-120L - OK
QFPS10X10-64AL - OK
QFPS10X10-64L - OK
QFPS10X10-72L - OK
QFPS10X10-80L - OK
QFPS10X10-88L - OK
QFPS10X14-100L - OK
QFPS10X14-108L - OK
QFPS10X14-140L - OK
QFPS10X14-148L - OK
QFPS10X14-80L - OK
QFPS10X14-88L - OK
QFPS12X12-100L - OK
QFPS12X12-108L - OK
QFPS12X12-136L - OK
QFPS12X12-144L - OK
QFPS12X12-80L - OK
QFPS12X12-88L - OK
QFPS14X14-100L - OK
QFPS14X14-108L - OK
QFPS14X14-120L - OK
QFPS14X14-128L - OK
QFPS14X14-168L - OK
QFPS14X14-176L - OK
QFPS14X20-120L - OK
QFPS14X20-128AL - OK
QFPS14X20-128BL - OK
QFPS14X20-128L - OK
QFPS14X20-152L - OK
QFPS14X20-160L - OK
QFPS14X20-208L - OK
QFPS14X20-216L - OK
QFPS16X16-120L - OK
QFPS20X20-144L - OK
QFPS20X20-152L - OK
QFPS20X20-184L - OK
QFPS20X20-192L - OK
QFPS20X20-248L - OK
QFPS20X20-256L - OK
QFPS20X28-176L - OK
QFPS20X28-184L - OK
QFPS20X28-224L - OK
QFPS20X28-232L - OK
QFPS20X28-300L - OK
QFPS20X28-308L - OK
QFPS24X24-176L - OK
QFPS24X24-184L - OK
QFPS24X24-224L - OK
QFPS24X24-232L - OK
QFPS24X24-296L - OK
QFPS24X24-304L - OK
QFPS28X28-160L - OK
QFPS28X28-208AL - OK
QFPS28X28-208BL - OK
QFPS28X28-208L - OK
QFPS28X28-216L - OK
QFPS28X28-256L - OK
QFPS28X28-264L - OK
QFPS28X28-272L - OK
QFPS28X28-352L - OK
QFPS28X28-360L - OK
QFPS28X40-256L - OK
QFPS28X40-264L - OK
QFPS28X40-324L - OK
QFPS28X40-332L - OK
QFPS28X40-432L - OK
QFPS28X40-440L - OK
QFPS32X32-240L - OK
QFPS32X32-248L - OK
QFPS32X32-304L - OK
QFPS32X32-312L - OK
QFPS32X32-400L - OK
QFPS32X32-408L - OK
QFPS36X36-272L - OK
QFPS36X36-280L - OK
QFPS36X36-344L - OK
QFPS36X36-352L - OK
QFPS36X36-456L - OK
QFPS36X36-464L - OK
QFPS40X40-304L - OK
QFPS40X40-312L - OK
QFPS40X40-384L - OK
QFPS40X40-392L - OK
QFPS40X40-512L - OK
QFPS40X40-520L - OK
QFPS44X44-336L - OK
QFPS44X44-344L - OK
QFPS44X44-424L - OK
QFPS44X44-432L - OK
QFPS44X44-568L - OK
QFPS44X44-576L - OK
QFPS5X5-24L - OK
QFPS5X5-32FL - OK
QFPS5X5-32L - OK
QFPS5X5-40L - OK
QFPS5X5-48L - OK
QFPS5X5-56L - OK
QFPS5X7-32L - OK
QFPS5X7-40L - OK
QFPS5X7-44L - OK
QFPS5X7-52L - OK
QFPS5X7-60L - OK
QFPS5X7-68L - OK
QFPS6X6-32L - OK
QFPS6X6-40FL - OK
QFPS6X6-40L - OK
QFPS6X6-48L - OK
QFPS6X6-56L - OK
QFPS6X6-64L - OK
QFPS7X10-100L - OK
QFPS7X10-52L - OK
QFPS7X10-60L - OK
QFPS7X10-68L - OK
QFPS7X10-76L - OK
QFPS7X10-92L - OK
QFPS7X7-40L - OK
QFPS7X7-48L - OK
QFPS7X7-56L - OK
QFPS7X7-64L - OK
QFPS7X7-72L - OK
QFPS7X7-80L - OK
QFPT10X10-44L - OK
QFPT10X10-52L - OK
QFPT14X14-64L - OK
QFPT14X14-80L - OK
QFPT14X20-100AL - OK
QFPT14X20-100CL - OK
QFPT24X24-176L - OK
RES0603L - OK
RES1005L - OK
RES1608L - OK
RES2012L - OK
RES3216L - OK
RES3225L - OK
RES3720L - OK
RES5025L - OK
RES5038L - OK
RES6235L - OK
RES6332L - OK
RES6350L - OK
RESM2012L - OK
RESM3216L - OK
RESM3516L - OK
RESM5923L - OK
RESN_742C08L - OK
SO14L - OK
SO14RPL - OK
SO14WL - OK
SO16L - OK
SO16RPL - OK
SO16WL - OK
SO18RPL - OK
SO18WL - OK
SO20RPL - OK
SO20WL - OK
SO24AL - OK
SO24RPL - OK
SO24WL - OK
SO24XL - OK
SO28AL - OK
SO28RPL - OK
SO28WL - OK
SO28XL - OK
SO32AL - OK
SO32WL - OK
SO32XL - OK
SO36AL - OK
SO36WL - OK
SO36XL - OK
SO8L - OK
SO8RPL - OK
SO8WL - OK
SOJ300-14L - OK
SOJ300-16L - OK
SOJ300-18L - OK
SOJ300-20L - OK
SOJ300-20_26L - OK
SOJ300-22L - OK
SOJ300-24L - OK
SOJ300-24_26L - OK
SOJ300-26L - OK
SOJ300-26_20L - OK
SOJ300-26_24L - OK
SOJ300-28L - OK
SOJ300-32L - OK
SOJ350-14L - OK
SOJ350-16L - OK
SOJ350-18L - OK
SOJ350-20L - OK
SOJ350-20_26L - OK
SOJ350-22L - OK
SOJ350-24L - OK
SOJ350-26L - OK
SOJ350-26_20L - OK
SOJ350-28L - OK
SOJ400-14L - OK
SOJ400-16L - OK
SOJ400-18L - OK
SOJ400-20L - OK
SOJ400-22L - OK
SOJ400-24L - OK
SOJ400-24_28L - OK
SOJ400-26L - OK
SOJ400-28L - OK
SOJ400-28_24L - OK
SOJ400-32L - OK
SOJ400-36L - OK
SOJ400-40L - OK
SOJ400-42L - OK
SOJ400-44L - OK
SOJ400-50_44L - OK
SOJ450-14L - OK
SOJ450-16L - OK
SOJ450-18L - OK
SOJ450-20L - OK
SOJ450-22L - OK
SOJ450-24L - OK
SOJ450-26L - OK
SOJ450-28L - OK
SOP100X1200-32L - OK
SOP10L - OK
SOP127X680-4L - OK
SOP127X780-14L - OK
SOP127X780-16L - OK
SOP127X780-20L - OK
SOP127X780-24L - OK
SOP12L - OK
SOP14L - OK
SOP16L - OK
SOP18L - OK
SOP20L - OK
SOP22L - OK
SOP24L - OK
SOP28L - OK
SOP30L - OK
SOP32L - OK
SOP36L - OK
SOP40L - OK
SOP42L - OK
SOP44L - OK
SOP50X620-40L - OK
SOP50X620-80L - OK
SOP63X1035-28L - OK
SOP63X1035-36L - OK
SOP63X1035-48L - OK
SOP63X1035-56L - OK
SOP63X1035-64L - OK
SOP63X600-16L - OK
SOP63X600-20L - OK
SOP63X600-24L - OK
SOP63X600-28L - OK
SOP63X780-14L - OK
SOP63X780-16L - OK
SOP63X780-20L - OK
SOP63X780-24L - OK
SOP63X780-28L - OK
SOP63X780-8L - OK
SOP65X400-8L - OK
SOP65X494-8L - OK
SOP65X505-8L - OK
SOP65X640-14L - OK
SOP65X640-16L - OK
SOP65X640-20L - OK
SOP65X640-24L - OK
SOP65X640-28L - OK
SOP65X640-8L - OK
SOP65X780-14L - OK
SOP65X780-16L - OK
SOP65X780-20L - OK
SOP65X780-24L - OK
SOP65X780-28L - OK
SOP65X780-30L - OK
SOP65X780-38L - OK
SOP65X780-8L - OK
SOP6L - OK
SOP80X1040-36L - OK
SOP80X1080-50L - OK
SOP80X1380-64L - OK
SOP80X1600-56L - OK
SOP80X900-16L - OK
SOP8L - OK
SOPT100X285-6L - OK
SOPT127X1175-24_28L - OK
SOPT127X1175-24_28RL - OK
SOPT127X1175-28_24L - OK
SOPT127X1175-28_24RL - OK
SOPT127X1175-32L - OK
SOPT127X1175-32RL - OK
SOPT30X2000-36L - OK
SOPT30X2000-52L - OK
SOPT30X2000-64L - OK
SOPT30X2000-76L - OK
SOPT40X1800-28L - OK
SOPT40X1800-40L - OK
SOPT40X1800-48L - OK
SOPT40X1800-60L - OK
SOPT40X640-14L - OK
SOPT40X640-16L - OK
SOPT40X640-20L - OK
SOPT40X640-24L - OK
SOPT40X640-48L - OK
SOPT40X640-56L - OK
SOPT40X810-100L - OK
SOPT40X810-80L - OK
SOPT50X1175-86L - OK
SOPT50X1340-32L - OK
SOPT50X1400-40L - OK
SOPT50X1600-24L - OK
SOPT50X1600-32L - OK
SOPT50X1600-40L - OK
SOPT50X1600-48L - OK
SOPT50X2000-32L - OK
SOPT50X2000-40L - OK
SOPT50X2000-48L - OK
SOPT50X2000-56L - OK
SOPT50X310-8L - OK
SOPT50X490-10L - OK
SOPT50X640-38L - OK
SOPT50X810-48L - OK
SOPT50X810-56L - OK
SOPT50X810-64L - OK
SOPT55X1340-28CL - OK
SOPT55X1340-28L - OK
SOPT55X1340-28RL - OK
SOPT65X1176-66L - OK
SOPT65X1400-16L - OK
SOPT65X1400-24L - OK
SOPT65X1400-28L - OK
SOPT65X1400-36L - OK
SOPT65X400-8L - OK
SOPT65X490-8L - OK
SOPT65X640-14L - OK
SOPT65X640-16L - OK
SOPT65X640-20L - OK
SOPT65X640-24L - OK
SOPT65X640-28L - OK
SOPT65X640-8L - OK
SOPT65X810-30L - OK
SOPT65X810-32L - OK
SOPT65X810-38L - OK
SOPT80X1175-32L - OK
SOPT80X1175-40_44L - OK
SOPT80X1175-40_44RL - OK
SOPT80X1175-44L - OK
SOPT80X1175-44_40L - OK
SOPT80X1175-44_40RL - OK
SOPT80X1175-50L - OK
SOPT80X1175-50_44L - OK
SOPT80X1175-54L - OK
SOT-143L - OK
SOT-143RL - OK
SOT-223-4L - OK
SOT-223-5L - OK
SOT-223L - OK
SOT-23-5L - OK
SOT-23-6L - OK
SOT-23-8L - OK
SOT-23L - OK
SOT-26AL - OK
SOT-323L - OK
SOT-343L - OK
SOT-343RL - OK
SOT-346L - OK
SOT-363L - OK
SOT-404L - OK
SOT-89L - OK
SSOP5-P-65L - OK
SSOP5-P-95L - OK
TO-220DD-7L - OK
TO-236L - OK
TO-252AAL - OK
TO-252L - OK
TO-263-2L - OK
TO-263AA-3L - OK
TO-263AB-2L - OK
TO-263AB-5L - OK
TO-263AC-7L - OK
TO-263AD-11L - OK
TO-263AE-15L - OK
TO-263BA-3L - OK
TO-263BB-5L - OK
TO-263BC-7L - OK
TO-263BD-9L - OK
TO-263D2-2L - OK
TO-263NS-3L - OK
TO-263NS-5L - OK
TO-263NS-7L - OK
TO-263ST-3L - OK
TO-263TI-5L - OK
VCO_VARIL-VCO19V-XXXT - OK
记录已转换:534
错误: 0

Converting C:\Users\Administrator\Desktop\ourdev_449775\SML.ld4...
记录已转换:0
错误: 0

Converting C:\Users\Administrator\Desktop\ourdev_449775\SML.ln4...
记录已转换:0
错误: 0

Converting C:\Users\Administrator\Desktop\ourdev_449775\SMM.pt4...
CAP0603M - OK
CAP0816M - OK
CAP1005M - OK
CAP1310M - OK
CAP1320M - OK
CAP1608M - OK
CAP1632M - OK
CAP2012M - OK
CAP3216M - OK
CAP3225M - OK
CAP3813M - OK
CAP4520M - OK
CAP4532M - OK
CAP4564M - OK
CAP4833M - OK
CAP5664M - OK
CAP5750M - OK
CAP6041M - OK
CAPAE-AM - OK
CAPAE-BM - OK
CAPAE-CM - OK
CAPAE-DM - OK
CAPAE-EM - OK
CAPAE-FM - OK
CAPAE-GM - OK
CAPAE-HM - OK
CAPT2012M - OK
CAPT3216M - OK
CAPT3528M - OK
CAPT4726M - OK
CAPT5846M - OK
CAPT6032M - OK
CAPT7343HM - OK
CAPT7343M - OK
CAPT7358M - OK
CAPTCWR06AM - OK
CAPTCWR06BM - OK
CAPTCWR06CM - OK
CAPTCWR06DM - OK
CAPTCWR06EM - OK
CAPTCWR06FM - OK
CAPTCWR06GM - OK
CAPTCWR06HM - OK
DIOMLL34M - OK
DIOMLL41M - OK
DIOSMAM - OK
DIOSMBM - OK
DIOSMCM - OK
DIOSOD-123M - OK
DIOSOD-323M - OK
DIOSOD-523M - OK
DO-214AAM - OK
DO-214ABM - OK
DO-214ACM - OK
IND1005M - OK
IND1608M - OK
IND2012M - OK
IND2520M - OK
IND3216M - OK
IND3225M - OK
IND4516M - OK
IND4532M - OK
IND5750M - OK
IND6350M - OK
INDM2116M - OK
INDM2520M - OK
INDM3225M - OK
INDM3230M - OK
INDM4030M - OK
INDM4130M - OK
INDM4532M - OK
INDM5450M - OK
INDM8530M - OK
PLCC-100M - OK
PLCC-124M - OK
PLCC-20M - OK
PLCC-28M - OK
PLCC-44M - OK
PLCC-52M - OK
PLCC-68M - OK
PLCC-84M - OK
PLCCR-18AM - OK
PLCCR-18M - OK
PLCCR-22M - OK
PLCCR-28M - OK
PLCCR-32M - OK
QFP100CM - OK
QFP100SM - OK
QFP10X10-44AM - OK
QFP10X10-44BM - OK
QFP10X10-44CM - OK
QFP10X10-44M - OK
QFP10X10-52M - OK
QFP12X12-48M - OK
QFP12X12-64M - OK
QFP132CM - OK
QFP132SM - OK
QFP14X14-52AM - OK
QFP14X14-52M - OK
QFP14X14-64M - OK
QFP14X14-80M - OK
QFP14X20-100BM - OK
QFP14X20-100DM - OK
QFP14X20-100M - OK
QFP14X20-80AM - OK
QFP14X20-80BM - OK
QFP14X20-80CM - OK
QFP14X20-80M - OK
QFP15X21-64M - OK
QFP164CM - OK
QFP164SM - OK
QFP16X22-64M - OK
QFP17X17-52M - OK
QFP17X23-88M - OK
QFP196CM - OK
QFP196SM - OK
QFP20X20-112M - OK
QFP22X22-100M - OK
QFP244CM - OK
QFP244SM - OK
QFP28X28-120M - OK
QFP28X28-128M - OK
QFP28X28-144M - OK
QFP28X28-160AM - OK
QFP28X28-160M - OK
QFP28X28-168M - OK
QFP32X32-184M - OK
QFP40X40-232M - OK
QFP7X7-32M - OK
QFP84CM - OK
QFP84SM - OK
QFPP100CM - OK
QFPP100SM - OK
QFPP132CM - OK
QFPP132SM - OK
QFPP164CM - OK
QFPP164SM - OK
QFPP196CM - OK
QFPP196SM - OK
QFPP244CM - OK
QFPP244SM - OK
QFPP84CM - OK
QFPP84SM - OK
QFPS10X10-112M - OK
QFPS10X10-120M - OK
QFPS10X10-64AM - OK
QFPS10X10-64M - OK
QFPS10X10-72M - OK
QFPS10X10-80M - OK
QFPS10X10-88M - OK
QFPS10X14-100M - OK
QFPS10X14-108M - OK
QFPS10X14-140M - OK
QFPS10X14-148M - OK
QFPS10X14-80M - OK
QFPS10X14-88M - OK
QFPS12X12-100M - OK
QFPS12X12-108M - OK
QFPS12X12-136M - OK
QFPS12X12-144M - OK
QFPS12X12-80M - OK
QFPS12X12-88M - OK
QFPS14X14-100M - OK
QFPS14X14-108M - OK
QFPS14X14-120M - OK
QFPS14X14-128M - OK
QFPS14X14-168M - OK
QFPS14X14-176M - OK
QFPS14X20-120M - OK
QFPS14X20-128AM - OK
QFPS14X20-128BM - OK
QFPS14X20-128M - OK
QFPS14X20-152M - OK
QFPS14X20-160M - OK
QFPS14X20-208M - OK
QFPS14X20-216M - OK
QFPS16X16-120M - OK
QFPS20X20-144M - OK
QFPS20X20-152M - OK
QFPS20X20-184M - OK
QFPS20X20-192M - OK
QFPS20X20-248M - OK
QFPS20X20-256M - OK
QFPS20X28-176M - OK
QFPS20X28-184M - OK
QFPS20X28-224M - OK
QFPS20X28-232M - OK
QFPS20X28-300M - OK
QFPS20X28-308M - OK
QFPS24X24-176M - OK
QFPS24X24-184M - OK
QFPS24X24-224M - OK
QFPS24X24-232M - OK
QFPS24X24-296M - OK
QFPS24X24-304M - OK
QFPS28X28-160M - OK
QFPS28X28-208AM - OK
QFPS28X28-208BM - OK
QFPS28X28-208M - OK
QFPS28X28-216M - OK
QFPS28X28-256M - OK
QFPS28X28-264M - OK
QFPS28X28-272M - OK
QFPS28X28-352M - OK
QFPS28X28-360M - OK
QFPS28X40-256M - OK
QFPS28X40-264M - OK
QFPS28X40-324M - OK
QFPS28X40-332M - OK
QFPS28X40-432M - OK
QFPS28X40-440M - OK
QFPS32X32-240M - OK
QFPS32X32-248M - OK
QFPS32X32-304M - OK
QFPS32X32-312M - OK
QFPS32X32-400M - OK
QFPS32X32-408M - OK
QFPS36X36-272M - OK
QFPS36X36-280M - OK
QFPS36X36-344M - OK
QFPS36X36-352M - OK
QFPS36X36-456M - OK
QFPS36X36-464M - OK
QFPS40X40-304M - OK
QFPS40X40-312M - OK
QFPS40X40-384M - OK
QFPS40X40-392M - OK
QFPS40X40-512M - OK
QFPS40X40-520M - OK
QFPS44X44-336M - OK
QFPS44X44-344M - OK
QFPS44X44-424M - OK
QFPS44X44-432M - OK
QFPS44X44-568M - OK
QFPS44X44-576M - OK
QFPS5X5-24M - OK
QFPS5X5-32FM - OK
QFPS5X5-32M - OK
QFPS5X5-40M - OK
QFPS5X5-48M - OK
QFPS5X5-56M - OK
QFPS5X7-32M - OK
QFPS5X7-40M - OK
QFPS5X7-44M - OK
QFPS5X7-52M - OK
QFPS5X7-60M - OK
QFPS5X7-68M - OK
QFPS6X6-32M - OK
QFPS6X6-40FM - OK
QFPS6X6-40M - OK
QFPS6X6-48M - OK
QFPS6X6-56M - OK
QFPS6X6-64M - OK
QFPS7X10-100M - OK
QFPS7X10-52M - OK
QFPS7X10-60M - OK
QFPS7X10-68M - OK
QFPS7X10-76M - OK
QFPS7X10-92M - OK
QFPS7X7-40M - OK
QFPS7X7-48M - OK
QFPS7X7-56M - OK
QFPS7X7-64M - OK
QFPS7X7-72M - OK
QFPS7X7-80M - OK
QFPT10X10-44M - OK
QFPT10X10-52M - OK
QFPT14X14-64M - OK
QFPT14X14-80M - OK
QFPT14X20-100AM - OK
QFPT14X20-100CM - OK
QFPT24X24-176M - OK
RES0603M - OK
RES1005M - OK
RES1608M - OK
RES2012M - OK
RES3216M - OK
RES3225M - OK
RES3720M - OK
RES5025M - OK
RES5038M - OK
RES6235M - OK
RES6332M - OK
RES6350M - OK
RESM2012M - OK
RESM3216M - OK
RESM3516M - OK
RESM5923M - OK
RESN_742C08M - OK
SO14M - OK
SO14RPM - OK
SO14WM - OK
SO16M - OK
SO16RPM - OK
SO16WM - OK
SO18RPM - OK
SO18WM - OK
SO20RPM - OK
SO20WM - OK
SO24AM - OK
SO24RPM - OK
SO24WM - OK
SO24XM - OK
SO28AM - OK
SO28RPM - OK
SO28WM - OK
SO28XM - OK
SO32AM - OK
SO32WM - OK
SO32XM - OK
SO36AM - OK
SO36WM - OK
SO36XM - OK
SO8M - OK
SO8RPM - OK
SO8WM - OK
SOJ300-14M - OK
SOJ300-16M - OK
SOJ300-18M - OK
SOJ300-20M - OK
SOJ300-20_26M - OK
SOJ300-22M - OK
SOJ300-24M - OK
SOJ300-24_26M - OK
SOJ300-26M - OK
SOJ300-26_20M - OK
SOJ300-26_24M - OK
SOJ300-28M - OK
SOJ300-32M - OK
SOJ350-14M - OK
SOJ350-16M - OK
SOJ350-18M - OK
SOJ350-20M - OK
SOJ350-20_26M - OK
SOJ350-22M - OK
SOJ350-24M - OK
SOJ350-26M - OK
SOJ350-26_20M - OK
SOJ350-28M - OK
SOJ400-14M - OK
SOJ400-16M - OK
SOJ400-18M - OK
SOJ400-20M - OK
SOJ400-22M - OK
SOJ400-24M - OK
SOJ400-24_28M - OK
SOJ400-26M - OK
SOJ400-28M - OK
SOJ400-28_24M - OK
SOJ400-32M - OK
SOJ400-36M - OK
SOJ400-40M - OK
SOJ400-42M - OK
SOJ400-44M - OK
SOJ400-50_44M - OK
SOJ450-14M - OK
SOJ450-16M - OK
SOJ450-18M - OK
SOJ450-20M - OK
SOJ450-22M - OK
SOJ450-24M - OK
SOJ450-26M - OK
SOJ450-28M - OK
SOP100X1200-32M - OK
SOP10M - OK
SOP127X680-4M - OK
SOP127X780-14M - OK
SOP127X780-16M - OK
SOP127X780-20M - OK
SOP127X780-24M - OK
SOP12M - OK
SOP14M - OK
SOP16M - OK
SOP18M - OK
SOP20M - OK
SOP22M - OK
SOP24M - OK
SOP28M - OK
SOP30M - OK
SOP32M - OK
SOP36M - OK
SOP40M - OK
SOP42M - OK
SOP44M - OK
SOP50X620-40M - OK
SOP50X620-80M - OK
SOP63X1035-28M - OK
SOP63X1035-36M - OK
SOP63X1035-48M - OK
SOP63X1035-56M - OK
SOP63X1035-64M - OK
SOP63X600-16M - OK
SOP63X600-20M - OK
SOP63X600-24M - OK
SOP63X600-28M - OK
SOP63X780-14M - OK
SOP63X780-16M - OK
SOP63X780-20M - OK
SOP63X780-24M - OK
SOP63X780-28M - OK
SOP63X780-8M - OK
SOP65X400-8M - OK
SOP65X494-8M - OK
SOP65X505-8M - OK
SOP65X640-14M - OK
SOP65X640-16M - OK
SOP65X640-20M - OK
SOP65X640-24M - OK
SOP65X640-28M - OK
SOP65X640-8M - OK
SOP65X780-14M - OK
SOP65X780-16M - OK
SOP65X780-20M - OK
SOP65X780-24M - OK
SOP65X780-28M - OK
SOP65X780-30M - OK
SOP65X780-38M - OK
SOP65X780-8M - OK
SOP6M - OK
SOP80X1040-36M - OK
SOP80X1080-50M - OK
SOP80X1380-64M - OK
SOP80X1600-56M - OK
SOP80X900-16M - OK
SOP8M - OK
SOPT100X285-6M - OK
SOPT127X1175-24_28M - OK
SOPT127X1175-24_28RM - OK
SOPT127X1175-28_24M - OK
SOPT127X1175-28_24RM - OK
SOPT127X1175-32M - OK
SOPT127X1175-32RM - OK
SOPT30X2000-36M - OK
SOPT30X2000-52M - OK
SOPT30X2000-64M - OK
SOPT30X2000-76M - OK
SOPT40X1800-28M - OK
SOPT40X1800-40M - OK
SOPT40X1800-48M - OK
SOPT40X1800-60M - OK
SOPT40X640-14M - OK
SOPT40X640-16M - OK
SOPT40X640-20M - OK
SOPT40X640-24M - OK
SOPT40X640-48M - OK
SOPT40X640-56M - OK
SOPT40X810-100M - OK
SOPT40X810-80M - OK
SOPT50X1175-86M - OK
SOPT50X1340-32M - OK
SOPT50X1400-40M - OK
SOPT50X1600-24M - OK
SOPT50X1600-32M - OK
SOPT50X1600-40M - OK
SOPT50X1600-48M - OK
SOPT50X2000-32M - OK
SOPT50X2000-40M - OK
SOPT50X2000-48M - OK
SOPT50X2000-56M - OK
SOPT50X310-8M - OK
SOPT50X490-10M - OK
SOPT50X640-38M - OK
SOPT50X810-48M - OK
SOPT50X810-56M - OK
SOPT50X810-64M - OK
SOPT55X1340-28CM - OK
SOPT55X1340-28M - OK
SOPT55X1340-28RM - OK
SOPT65X1176-66M - OK
SOPT65X1400-16M - OK
SOPT65X1400-24M - OK
SOPT65X1400-28M - OK
SOPT65X1400-36M - OK
SOPT65X400-8M - OK
SOPT65X490-8M - OK
SOPT65X640-14M - OK
SOPT65X640-16M - OK
SOPT65X640-20M - OK
SOPT65X640-24M - OK
SOPT65X640-28M - OK
SOPT65X640-8M - OK
SOPT65X810-30M - OK
SOPT65X810-32M - OK
SOPT65X810-38M - OK
SOPT80X1175-32M - OK
SOPT80X1175-40_44M - OK
SOPT80X1175-40_44RM - OK
SOPT80X1175-44M - OK
SOPT80X1175-44_40M - OK
SOPT80X1175-44_40RM - OK
SOPT80X1175-50M - OK
SOPT80X1175-50_44M - OK
SOPT80X1175-54M - OK
SOT-143M - OK
SOT-143RM - OK
SOT-223-4M - OK
SOT-223-5M - OK
SOT-223M - OK
SOT-23-5M - OK
SOT-23-6M - OK
SOT-23-8M - OK
SOT-23M - OK
SOT-26AM - OK
SOT-323M - OK
SOT-343M - OK
SOT-343RM - OK
SOT-363M - OK
SOT-404M - OK
SOT-89M - OK
SSOP5-P-65M - OK
SSOP5-P-95M - OK
TO-220DD-7M - OK
TO-236M - OK
TO-252AAM - OK
TO-252M - OK
TO-263-2M - OK
TO-263AA-3M - OK
TO-263AB-2M - OK
TO-263AB-5M - OK
TO-263AC-7M - OK
TO-263AD-11M - OK
TO-263AE-15M - OK
TO-263BA-3M - OK
TO-263BB-5M - OK
TO-263BC-7M - OK
TO-263BD-9M - OK
TO-263D2-2M - OK
TO-263NS-3M - OK
TO-263NS-5M - OK
TO-263NS-7M - OK
TO-263ST-3M - OK
TO-263TI-5M - OK
记录已转换:532
错误: 0

Converting C:\Users\Administrator\Desktop\ourdev_449775\SMM.pd4...
CAP0603M - OK
CAP0816M - OK
CAP1005M - OK
CAP1310M - OK
CAP1320M - OK
CAP1608M - OK
CAP1632M - OK
CAP2012M - OK
CAP3216M - OK
CAP3225M - OK
CAP3813M - OK
CAP4520M - OK
CAP4532M - OK
CAP4564M - OK
CAP4833M - OK
CAP5664M - OK
CAP5750M - OK
CAP6041M - OK
CAPAE-AM - OK
CAPAE-BM - OK
CAPAE-CM - OK
CAPAE-DM - OK
CAPAE-EM - OK
CAPAE-FM - OK
CAPAE-GM - OK
CAPAE-HM - OK
CAPT2012M - OK
CAPT3216M - OK
CAPT3528M - OK
CAPT4726M - OK
CAPT5846M - OK
CAPT6032M - OK
CAPT7343HM - OK
CAPT7343M - OK
CAPT7358M - OK
CAPTCWR06AM - OK
CAPTCWR06BM - OK
CAPTCWR06CM - OK
CAPTCWR06DM - OK
CAPTCWR06EM - OK
CAPTCWR06FM - OK
CAPTCWR06GM - OK
CAPTCWR06HM - OK
DIOMLL34M - OK
DIOMLL41M - OK
DIOSMAM - OK
DIOSMBM - OK
DIOSMCM - OK
DIOSOD-123M - OK
DIOSOD-323M - OK
DIOSOD-523M - OK
DO-214AAM - OK
DO-214ABM - OK
DO-214ACM - OK
IND1005M - OK
IND1608M - OK
IND2012M - OK
IND2520M - OK
IND3216M - OK
IND3225M - OK
IND4516M - OK
IND4532M - OK
IND5750M - OK
IND6350M - OK
INDM2116M - OK
INDM2520M - OK
INDM3225M - OK
INDM3230M - OK
INDM4030M - OK
INDM4130M - OK
INDM4532M - OK
INDM5450M - OK
INDM8530M - OK
PLCC-100M - OK
PLCC-124M - OK
PLCC-20M - OK
PLCC-28M - OK
PLCC-44M - OK
PLCC-52M - OK
PLCC-68M - OK
PLCC-84M - OK
PLCCR-18AM - OK
PLCCR-18M - OK
PLCCR-22M - OK
PLCCR-28M - OK
PLCCR-32M - OK
QFP100CM - OK
QFP100SM - OK
QFP10X10-44AM - OK
QFP10X10-44BM - OK
QFP10X10-44CM - OK
QFP10X10-44M - OK
QFP10X10-52M - OK
QFP12X12-48M - OK
QFP12X12-64M - OK
QFP132CM - OK
QFP132SM - OK
QFP14X14-52AM - OK
QFP14X14-52M - OK
QFP14X14-64M - OK
QFP14X14-80M - OK
QFP14X20-100BM - OK
QFP14X20-100DM - OK
QFP14X20-100M - OK
QFP14X20-80AM - OK
QFP14X20-80BM - OK
QFP14X20-80CM - OK
QFP14X20-80M - OK
QFP15X21-64M - OK
QFP164CM - OK
QFP164SM - OK
QFP16X22-64M - OK
QFP17X17-52M - OK
QFP17X23-88M - OK
QFP196CM - OK
QFP196SM - OK
QFP20X20-112M - OK
QFP22X22-100M - OK
QFP244CM - OK
QFP244SM - OK
QFP28X28-120M - OK
QFP28X28-128M - OK
QFP28X28-144M - OK
QFP28X28-160AM - OK
QFP28X28-160M - OK
QFP28X28-168M - OK
QFP32X32-184M - OK
QFP40X40-232M - OK
QFP7X7-32M - OK
QFP84CM - OK
QFP84SM - OK
QFPP100CM - OK
QFPP100SM - OK
QFPP132CM - OK
QFPP132SM - OK
QFPP164CM - OK
QFPP164SM - OK
QFPP196CM - OK
QFPP196SM - OK
QFPP244CM - OK
QFPP244SM - OK
QFPP84CM - OK
QFPP84SM - OK
QFPS10X10-112M - OK
QFPS10X10-120M - OK
QFPS10X10-64AM - OK
QFPS10X10-64M - OK
QFPS10X10-72M - OK
QFPS10X10-80M - OK
QFPS10X10-88M - OK
QFPS10X14-100M - OK
QFPS10X14-108M - OK
QFPS10X14-140M - OK
QFPS10X14-148M - OK
QFPS10X14-80M - OK
QFPS10X14-88M - OK
QFPS12X12-100M - OK
QFPS12X12-108M - OK
QFPS12X12-136M - OK
QFPS12X12-144M - OK
QFPS12X12-80M - OK
QFPS12X12-88M - OK
QFPS14X14-100M - OK
QFPS14X14-108M - OK
QFPS14X14-120M - OK
QFPS14X14-128M - OK
QFPS14X14-168M - OK
QFPS14X14-176M - OK
QFPS14X20-120M - OK
QFPS14X20-128AM - OK
QFPS14X20-128BM - OK
QFPS14X20-128M - OK
QFPS14X20-152M - OK
QFPS14X20-160M - OK
QFPS14X20-208M - OK
QFPS14X20-216M - OK
QFPS16X16-120M - OK
QFPS20X20-144M - OK
QFPS20X20-152M - OK
QFPS20X20-184M - OK
QFPS20X20-192M - OK
QFPS20X20-248M - OK
QFPS20X20-256M - OK
QFPS20X28-176M - OK
QFPS20X28-184M - OK
QFPS20X28-224M - OK
QFPS20X28-232M - OK
QFPS20X28-300M - OK
QFPS20X28-308M - OK
QFPS24X24-176M - OK
QFPS24X24-184M - OK
QFPS24X24-224M - OK
QFPS24X24-232M - OK
QFPS24X24-296M - OK
QFPS24X24-304M - OK
QFPS28X28-160M - OK
QFPS28X28-208AM - OK
QFPS28X28-208BM - OK
QFPS28X28-208M - OK
QFPS28X28-216M - OK
QFPS28X28-256M - OK
QFPS28X28-264M - OK
QFPS28X28-272M - OK
QFPS28X28-352M - OK
QFPS28X28-360M - OK
QFPS28X40-256M - OK
QFPS28X40-264M - OK
QFPS28X40-324M - OK
QFPS28X40-332M - OK
QFPS28X40-432M - OK
QFPS28X40-440M - OK
QFPS32X32-240M - OK
QFPS32X32-248M - OK
QFPS32X32-304M - OK
QFPS32X32-312M - OK
QFPS32X32-400M - OK
QFPS32X32-408M - OK
QFPS36X36-272M - OK
QFPS36X36-280M - OK
QFPS36X36-344M - OK
QFPS36X36-352M - OK
QFPS36X36-456M - OK
QFPS36X36-464M - OK
QFPS40X40-304M - OK
QFPS40X40-312M - OK
QFPS40X40-384M - OK
QFPS40X40-392M - OK
QFPS40X40-512M - OK
QFPS40X40-520M - OK
QFPS44X44-336M - OK
QFPS44X44-344M - OK
QFPS44X44-424M - OK
QFPS44X44-432M - OK
QFPS44X44-568M - OK
QFPS44X44-576M - OK
QFPS5X5-24M - OK
QFPS5X5-32FM - OK
QFPS5X5-32M - OK
QFPS5X5-40M - OK
QFPS5X5-48M - OK
QFPS5X5-56M - OK
QFPS5X7-32M - OK
QFPS5X7-40M - OK
QFPS5X7-44M - OK
QFPS5X7-52M - OK
QFPS5X7-60M - OK
QFPS5X7-68M - OK
QFPS6X6-32M - OK
QFPS6X6-40FM - OK
QFPS6X6-40M - OK
QFPS6X6-48M - OK
QFPS6X6-56M - OK
QFPS6X6-64M - OK
QFPS7X10-100M - OK
QFPS7X10-52M - OK
QFPS7X10-60M - OK
QFPS7X10-68M - OK
QFPS7X10-76M - OK
QFPS7X10-92M - OK
QFPS7X7-40M - OK
QFPS7X7-48M - OK
QFPS7X7-56M - OK
QFPS7X7-64M - OK
QFPS7X7-72M - OK
QFPS7X7-80M - OK
QFPT10X10-44M - OK
QFPT10X10-52M - OK
QFPT14X14-64M - OK
QFPT14X14-80M - OK
QFPT14X20-100AM - OK
QFPT14X20-100CM - OK
QFPT24X24-176M - OK
RES0603M - OK
RES1005M - OK
RES1608M - OK
RES2012M - OK
RES3216M - OK
RES3225M - OK
RES3720M - OK
RES5025M - OK
RES5038M - OK
RES6235M - OK
RES6332M - OK
RES6350M - OK
RESM2012M - OK
RESM3216M - OK
RESM3516M - OK
RESM5923M - OK
RESN_742C08M - OK
SO14M - OK
SO14RPM - OK
SO14WM - OK
SO16M - OK
SO16RPM - OK
SO16WM - OK
SO18RPM - OK
SO18WM - OK
SO20RPM - OK
SO20WM - OK
SO24AM - OK
SO24RPM - OK
SO24WM - OK
SO24XM - OK
SO28AM - OK
SO28RPM - OK
SO28WM - OK
SO28XM - OK
SO32AM - OK
SO32WM - OK
SO32XM - OK
SO36AM - OK
SO36WM - OK
SO36XM - OK
SO8M - OK
SO8RPM - OK
SO8WM - OK
SOJ300-14M - OK
SOJ300-16M - OK
SOJ300-18M - OK
SOJ300-20M - OK
SOJ300-20_26M - OK
SOJ300-22M - OK
SOJ300-24M - OK
SOJ300-24_26M - OK
SOJ300-26M - OK
SOJ300-26_20M - OK
SOJ300-26_24M - OK
SOJ300-28M - OK
SOJ300-32M - OK
SOJ350-14M - OK
SOJ350-16M - OK
SOJ350-18M - OK
SOJ350-20M - OK
SOJ350-20_26M - OK
SOJ350-22M - OK
SOJ350-24M - OK
SOJ350-26M - OK
SOJ350-26_20M - OK
SOJ350-28M - OK
SOJ400-14M - OK
SOJ400-16M - OK
SOJ400-18M - OK
SOJ400-20M - OK
SOJ400-22M - OK
SOJ400-24M - OK
SOJ400-24_28M - OK
SOJ400-26M - OK
SOJ400-28M - OK
SOJ400-28_24M - OK
SOJ400-32M - OK
SOJ400-36M - OK
SOJ400-40M - OK
SOJ400-42M - OK
SOJ400-44M - OK
SOJ400-50_44M - OK
SOJ450-14M - OK
SOJ450-16M - OK
SOJ450-18M - OK
SOJ450-20M - OK
SOJ450-22M - OK
SOJ450-24M - OK
SOJ450-26M - OK
SOJ450-28M - OK
SOP100X1200-32M - OK
SOP10M - OK
SOP127X680-4M - OK
SOP127X780-14M - OK
SOP127X780-16M - OK
SOP127X780-20M - OK
SOP127X780-24M - OK
SOP12M - OK
SOP14M - OK
SOP16M - OK
SOP18M - OK
SOP20M - OK
SOP22M - OK
SOP24M - OK
SOP28M - OK
SOP30M - OK
SOP32M - OK
SOP36M - OK
SOP40M - OK
SOP42M - OK
SOP44M - OK
SOP50X620-40M - OK
SOP50X620-80M - OK
SOP63X1035-28M - OK
SOP63X1035-36M - OK
SOP63X1035-48M - OK
SOP63X1035-56M - OK
SOP63X1035-64M - OK
SOP63X600-16M - OK
SOP63X600-20M - OK
SOP63X600-24M - OK
SOP63X600-28M - OK
SOP63X780-14M - OK
SOP63X780-16M - OK
SOP63X780-20M - OK
SOP63X780-24M - OK
SOP63X780-28M - OK
SOP63X780-8M - OK
SOP65X400-8M - OK
SOP65X494-8M - OK
SOP65X505-8M - OK
SOP65X640-14M - OK
SOP65X640-16M - OK
SOP65X640-20M - OK
SOP65X640-24M - OK
SOP65X640-28M - OK
SOP65X640-8M - OK
SOP65X780-14M - OK
SOP65X780-16M - OK
SOP65X780-20M - OK
SOP65X780-24M - OK
SOP65X780-28M - OK
SOP65X780-30M - OK
SOP65X780-38M - OK
SOP65X780-8M - OK
SOP6M - OK
SOP80X1040-36M - OK
SOP80X1080-50M - OK
SOP80X1380-64M - OK
SOP80X1600-56M - OK
SOP80X900-16M - OK
SOP8M - OK
SOPT100X285-6M - OK
SOPT127X1175-24_28M - OK
SOPT127X1175-24_28RM - OK
SOPT127X1175-28_24M - OK
SOPT127X1175-28_24RM - OK
SOPT127X1175-32M - OK
SOPT127X1175-32RM - OK
SOPT30X2000-36M - OK
SOPT30X2000-52M - OK
SOPT30X2000-64M - OK
SOPT30X2000-76M - OK
SOPT40X1800-28M - OK
SOPT40X1800-40M - OK
SOPT40X1800-48M - OK
SOPT40X1800-60M - OK
SOPT40X640-14M - OK
SOPT40X640-16M - OK
SOPT40X640-20M - OK
SOPT40X640-24M - OK
SOPT40X640-48M - OK
SOPT40X640-56M - OK
SOPT40X810-100M - OK
SOPT40X810-80M - OK
SOPT50X1175-86M - OK
SOPT50X1340-32M - OK
SOPT50X1400-40M - OK
SOPT50X1600-24M - OK
SOPT50X1600-32M - OK
SOPT50X1600-40M - OK
SOPT50X1600-48M - OK
SOPT50X2000-32M - OK
SOPT50X2000-40M - OK
SOPT50X2000-48M - OK
SOPT50X2000-56M - OK
SOPT50X310-8M - OK
SOPT50X490-10M - OK
SOPT50X640-38M - OK
SOPT50X810-48M - OK
SOPT50X810-56M - OK
SOPT50X810-64M - OK
SOPT55X1340-28CM - OK
SOPT55X1340-28M - OK
SOPT55X1340-28RM - OK
SOPT65X1176-66M - OK
SOPT65X1400-16M - OK
SOPT65X1400-24M - OK
SOPT65X1400-28M - OK
SOPT65X1400-36M - OK
SOPT65X400-8M - OK
SOPT65X490-8M - OK
SOPT65X640-14M - OK
SOPT65X640-16M - OK
SOPT65X640-20M - OK
SOPT65X640-24M - OK
SOPT65X640-28M - OK
SOPT65X640-8M - OK
SOPT65X810-30M - OK
SOPT65X810-32M - OK
SOPT65X810-38M - OK
SOPT80X1175-32M - OK
SOPT80X1175-40_44M - OK
SOPT80X1175-40_44RM - OK
SOPT80X1175-44M - OK
SOPT80X1175-44_40M - OK
SOPT80X1175-44_40RM - OK
SOPT80X1175-50M - OK
SOPT80X1175-50_44M - OK
SOPT80X1175-54M - OK
SOT-143M - OK
SOT-143RM - OK
SOT-223-4M - OK
SOT-223-5M - OK
SOT-223M - OK
SOT-23-5M - OK
SOT-23-6M - OK
SOT-23-8M - OK
SOT-23M - OK
SOT-26AM - OK
SOT-323M - OK
SOT-343M - OK
SOT-343RM - OK
SOT-363M - OK
SOT-404M - OK
SOT-89M - OK
SSOP5-P-65M - OK
SSOP5-P-95M - OK
TO-220DD-7M - OK
TO-236M - OK
TO-252AAM - OK
TO-252M - OK
TO-263-2M - OK
TO-263AA-3M - OK
TO-263AB-2M - OK
TO-263AB-5M - OK
TO-263AC-7M - OK
TO-263AD-11M - OK
TO-263AE-15M - OK
TO-263BA-3M - OK
TO-263BB-5M - OK
TO-263BC-7M - OK
TO-263BD-9M - OK
TO-263D2-2M - OK
TO-263NS-3M - OK
TO-263NS-5M - OK
TO-263NS-7M - OK
TO-263ST-3M - OK
TO-263TI-5M - OK
记录已转换:532
错误: 0

Converting C:\Users\Administrator\Desktop\ourdev_449775\SMM.ld4...
记录已转换:0
错误: 0

Converting C:\Users\Administrator\Desktop\ourdev_449775\SMM.ln4...
记录已转换:0
错误: 0

Converting C:\Users\Administrator\Desktop\ourdev_449775\SMN.pt4...
AMP_ABA3100 - OK
AMP_ERA-1SM - OK
AMP_ERA-2SM - OK
AMP_ERA-3SM - OK
AMP_FMM5701LG - OK
AMP_LMC7111BIM5 - OK
AMP_MAR-1SM - OK
AMP_MGF4953A - OK
AMP_NE3210S01 - OK
AMP_NGA-386 - OK
AMP_S3051 - OK
BGA100P11X15-165 - OK
BGA100P14X14-148 - OK
BGA100P14X14-196 - OK
BGA100P16X16-255 - OK
BGA100P16X16-256 - OK
BGA100P16X16-256A - OK
BGA100P17X17-284 - OK
BGA100P20X20-256 - OK
BGA100P20X20-364 - OK
BGA100P22X22-360 - OK
BGA100P22X22-456 - OK
BGA100P22X22-484 - OK
BGA100P26X26-456 - OK
BGA100P26X26-672 - OK
BGA100P26X26-676 - OK
BGA100P30X30-608 - OK
BGA100P30X30-640 - OK
BGA100P8X8-64 - OK
BGA100P9X13-117 - OK
BGA127P16X16-256 - OK
BGA127P17X17-192 - OK
BGA127P17X17-233 - OK
BGA127P17X17-241 - OK
BGA127P19X19-357 - OK
BGA127P19X19-360 - OK
BGA127P19X19-361 - OK
BGA127P20X20-256 - OK
BGA127P20X20-272 - OK
BGA127P20X20-292 - OK
BGA127P20X20-308 - OK
BGA127P20X20-324 - OK
BGA127P20X20-328 - OK
BGA127P20X20-330 - OK
BGA127P20X20-348 - OK
BGA127P21X24-495 - OK
BGA127P23X23-304 - OK
BGA127P23X23-421 - OK
BGA127P24X24-324 - OK
BGA127P26X26-312 - OK
BGA127P26X26-352 - OK
BGA127P26X26-356 - OK
BGA127P26X26-388 - OK
BGA127P26X26-420 - OK
BGA127P26X26-436 - OK
BGA127P26X26-452 - OK
BGA127P26X26-456 - OK
BGA127P26X26-492 - OK
BGA127P29X29-400 - OK
BGA127P29X29-480 - OK
BGA127P29X29-503 - OK
BGA127P31X31-432 - OK
BGA127P31X31-520 - OK
BGA127P31X31-600 - OK
BGA127P31X31-665 - OK
BGA127P31X31-873 - OK
BGA127P31X31-957 - OK
BGA127P32X32-540 - OK
BGA127P33X33-560 - OK
BGA127P34X34-630 - OK
BGA127P35X35-600 - OK
BGA127P35X35-652 - OK
BGA127P7X17-119 - OK
BGA150P15X15-225 - OK
BGA50P14X14-108 - OK
BGA50P3X3-8 - OK
BGA65P20X20-204 - OK
BGA75P6X8-48 - OK
BGA80P13X13-144 - OK
BGA80P14X14-180 - OK
BGA80P19X19-210 - OK
BGA80P19X19-280 - OK
BGA80P20X20-399 - OK
BGA80P4X15-60 - OK
BGA80P6X16-96 - OK
BGA80P6X19-114 - OK
BGA80P6X9-54 - OK
BGA80P7X7-32 - OK
BGA80P7X7-48 - OK
BGA80P8X12-96 - OK
BGA80P8X8-64 - OK
CAP0603 - OK
CAP0816 - OK
CAP1005 - OK
CAP1310 - OK
CAP1320 - OK
CAP1608 - OK
CAP1632 - OK
CAP2012 - OK
CAP3216 - OK
CAP3225 - OK
CAP3813 - OK
CAP4520 - OK
CAP4532 - OK
CAP4564 - OK
CAP4833 - OK
CAP5664 - OK
CAP5750 - OK
CAP6041 - OK
CAPAE-A - OK
CAPAE-B - OK
CAPAE-C - OK
CAPAE-D - OK
CAPAE-E - OK
CAPAE-F - OK
CAPAE-G - OK
CAPAE-H - OK
CAPN0508-4 - OK
CAPN_W3A4 - OK
CAPT2012 - OK
CAPT3216 - OK
CAPT3528 - OK
CAPT4726 - OK
CAPT5846 - OK
CAPT594D-B - OK
CAPT594D-C - OK
CAPT594D-D - OK
CAPT594D-R - OK
CAPT6032 - OK
CAPT7343 - OK
CAPT7343H - OK
CAPT7358 - OK
CAPTCWR06A - OK
CAPTCWR06B - OK
CAPTCWR06C - OK
CAPTCWR06D - OK
CAPTCWR06E - OK
CAPTCWR06F - OK
CAPTCWR06G - OK
CAPTCWR06H - OK
CAP_CDR12 - OK
CAP_CDR33B - OK
CAP_ECC-S - OK
CAP_EEV-FC-J16 - OK
CAP_EEV-FC-K16 - OK
CAP_WIMA7370 - OK
CGA19X19-200 - OK
D2PAK - OK
D2PAK-IR - OK
DIOMLL34 - OK
DIOMLL41 - OK
DIOSMA - OK
DIOSMB - OK
DIOSMC - OK
DIOSOD-123 - OK
DIOSOD-323 - OK
DIOSOD-523 - OK
DIO_DF15 - OK
DIO_MA111 - OK
DIO_MA2S728 - OK
DIO_MELF-A - OK
DIO_MELF-B - OK
DIO_MINIMELF - OK
DIO_POWERMITE - OK
DO-214AA - OK
DO-214AB - OK
DO-214AC - OK
FIDUCIAL10-20 - OK
FIDUCIAL10-30 - OK
FIDUCIAL15-30 - OK
FIDUCIAL20-40 - OK
FIL_B69812-N1477-A540 - OK
FIL_CX6002 - OK
FIL_EXCCET - OK
FIL_QCC8B - OK
FUSER_1812L150 - OK
FUSE_0436 - OK
FUSE_1608FF - OK
FUSE_3216FF - OK
FUSE_F0500T - OK
FUSE_F1250T - OK
FUSE_MINISMDC050 - OK
FUSE_PFSM100 - OK
FUSE_R451 - OK
FUSE_R452 - OK
FUSE_SMF_OMNI-BLOK - OK
FUSE_VTP210S - OK
IC_B3605 - OK
IND1005 - OK
IND1608 - OK
IND2012 - OK
IND2520 - OK
IND3216 - OK
IND3225 - OK
IND4516 - OK
IND4532 - OK
IND5750 - OK
IND6350 - OK
INDM2116 - OK
INDM2520 - OK
INDM3225 - OK
INDM3230 - OK
INDM4030 - OK
INDM4130 - OK
INDM4532 - OK
INDM5450 - OK
INDM8530 - OK
INDN_ACA3216-6 - OK
IND_1008LS - OK
IND_1008PS - OK
IND_5CA - OK
IND_ACM3225-2P - OK
IND_ACM4532 - OK
IND_BH_QTR-PAK - OK
IND_CDR125 - OK
IND_CDRH104R - OK
IND_CDRH125 - OK
IND_CDRH5D18 - OK
IND_CLS62 - OK
IND_D52FU - OK
IND_D52LC - OK
IND_D62LCB - OK
IND_DLW31SN - OK
IND_DO1608 - OK
IND_DO3308 - OK
IND_DO3316 - OK
IND_DO5022 - OK
IND_DS1608 - OK
IND_ELL6RH - OK
IND_ELL6SH - OK
IND_ETQP6 - OK
IND_IDC-5020 - OK
IND_IHLP-2525CZ-01 - OK
IND_IHLP2525 - OK
IND_LCD104C - OK
IND_PCCN6B - OK
IND_PM105S - OK
IND_PM40 - OK
IND_PM63S - OK
IND_PULSE_BIGFOOT - OK
IND_SDR0403 - OK
IND_SLF10145 - OK
IND_SLF12575 - OK
IND_SLF6028 - OK
IND_SLF7032 - OK
IND_SPD127 - OK
IND_TOKO_43FS - OK
IND_UP4B - OK
LED_0603 - OK
LED_0805 - OK
LED_1206 - OK
LED_3216 - OK
LED_597-77X1 - OK
LED_LN1261C - OK
LED_LNJ261C3ARA - OK
LED_LTST-S320 - OK
LED_SML-LX23 - OK
LED_SML10XXT-TR - OK
LED_SSL-LXA228SC-TR11 - OK
OSC_ASL - OK
OSC_ASM - OK
OSC_ATP-SM - OK
OSC_CB3 - OK
OSC_CMX-309 - OK
OSC_CS20 - OK
OSC_CSM-12 - OK
OSC_CXOM - OK
OSC_EC15 - OK
OSC_ECS-8F - OK
OSC_ECS-8FM - OK
OSC_ECX-306 - OK
OSC_F3160 - OK
OSC_F3165 - OK
OSC_F3345 - OK
OSC_F3355 - OK
OSC_F4000 - OK
OSC_F4100 - OK
OSC_FPX - OK
OSC_FSO - OK
OSC_FSR327 - OK
OSC_GXO-U108 - OK
OSC_HSM536 - OK
OSC_HSM92 - OK
OSC_MA-506 - OK
OSC_MC-306 - OK
OSC_MHRJ - OK
OSC_MTRON-M1S - OK
OSC_SG-615 - OK
OSC_SG-636 - OK
OSC_SG-8002CA - OK
OSC_SM55 - OK
OSC_SX1555 - OK
OSC_UVV - OK
OSC_VG-1011JA - OK
OSC_VS-500A - OK
OSC_VS-700 - OK
OSC_XM-1 - OK
PLCC-100 - OK
PLCC-124 - OK
PLCC-20 - OK
PLCC-28 - OK
PLCC-44 - OK
PLCC-52 - OK
PLCC-68 - OK
PLCC-84 - OK
PLCCR-18 - OK
PLCCR-18A - OK
PLCCR-22 - OK
PLCCR-28 - OK
PLCCR-32 - OK
PLCCRS-32 - OK
PLCCS-20 - OK
PLCCS-28 - OK
PLCCS-44 - OK
PLCCS-52 - OK
PLCCS-68 - OK
PLCCS-84 - OK
QFL13-64X64-12 - OK
QFN4-10X10-84 - OK
QFN4-12X12-100 - OK
QFN5-10X10-64 - OK
QFN5-10X10-68 - OK
QFN5-10X10-72 - OK
QFN5-12X12-80 - OK
QFN5-2X2-8 - OK
QFN5-35X35-20 - OK
QFN5-35X45-24 - OK
QFN5-3X3-12 - OK
QFN5-3X3-16 - OK
QFN5-3X3-8 - OK
QFN5-45X55-32 - OK
QFN5-45X65-36 - OK
QFN5-4X3-16 - OK
QFN5-4X4-14 - OK
QFN5-4X4-16 - OK
QFN5-4X4-20 - OK
QFN5-4X4-24 - OK
QFN5-4X5-24 - OK
QFN5-4X5-28 - OK
QFN5-55X65-40 - OK
QFN5-5X4-24 - OK
QFN5-5X5-28 - OK
QFN5-5X5-32 - OK
QFN5-5X7-38 - OK
QFN5-6X5-32 - OK
QFN5-6X6-36 - OK
QFN5-6X6-38 - OK
QFN5-6X6-40 - OK
QFN5-7X7-40 - OK
QFN5-7X7-44 - OK
QFN5-7X7-48 - OK
QFN5-8X8-48 - OK
QFN5-8X8-52 - OK
QFN5-8X8-56 - OK
QFN5-9X9-56 - OK
QFN5-9X9-60 - OK
QFN5-9X9-64 - OK
QFN65-10X10-52 - OK
QFN65-2X3-8 - OK
QFN65-3X3-12 - OK
QFN65-3X3-8 - OK
QFN65-4X3-12 - OK
QFN65-4X4-12 - OK
QFN65-4X4-16 - OK
QFN65-5X4-18 - OK
QFN65-5X5-20 - OK
QFN65-5X5-24 - OK
QFN65-5X6-22 - OK
QFN65-6X5-22 - OK
QFN65-6X6-24 - OK
QFN65-6X6-28 - OK
QFN65-6X6-32 - OK
QFN65-7X7-32 - OK
QFN65-7X7-36 - OK
QFN65-8X8-36 - OK
QFN65-8X8-40 - OK
QFN65-8X8-44 - OK
QFN65-9X9-44 - OK
QFN65-9X9-48 - OK
QFN8-10X10-44 - OK
QFN8-3X3-12 - OK
QFN8-3X3-4 - OK
QFN8-4X3-8 - OK
QFN8-4X4-12 - OK
QFN8-4X4-14 - OK
QFN8-5X4-14 - OK
QFN8-5X4-16 - OK
QFN8-5X5-16 - OK
QFN8-5X5-20 - OK
QFN8-6X5-18 - OK
QFN8-6X5-20 - OK
QFN8-6X6-20 - OK
QFN8-6X6-24 - OK
QFN8-7X7-28 - OK
QFN8-8X8-28 - OK
QFN8-8X8-32 - OK
QFN8-9X9-36 - OK
QFN_VECTRON-CD700 - OK
QFP100C - OK
QFP100S - OK
QFP10X10-44 - OK
QFP10X10-44A - OK
QFP10X10-44B - OK
QFP10X10-44C - OK
QFP10X10-52 - OK
QFP12X12-48 - OK
QFP12X12-64 - OK
QFP132C - OK
QFP132S - OK
QFP14X14-52 - OK
QFP14X14-52A - OK
QFP14X14-64 - OK
QFP14X14-80 - OK
QFP14X20-100 - OK
QFP14X20-100A - OK
QFP14X20-100B - OK
QFP14X20-100C - OK
QFP14X20-100D - OK
QFP14X20-80 - OK
QFP14X20-80A - OK
QFP14X20-80B - OK
QFP14X20-80C - OK
QFP15X21-64 - OK
QFP164C - OK
QFP164S - OK
QFP16X22-64 - OK
QFP17X17-52 - OK
QFP17X23-88 - OK
QFP196C - OK
QFP196S - OK
QFP20X20-112 - OK
QFP22X22-100 - OK
QFP244C - OK
QFP244S - OK
QFP28X28-120 - OK
QFP28X28-128 - OK
QFP28X28-144 - OK
QFP28X28-160 - OK
QFP28X28-160A - OK
QFP28X28-168 - OK
QFP32X32-184 - OK
QFP40X40-232 - OK
QFP7X7-32 - OK
QFP84C - OK
QFP84S - OK
QFPP100C - OK
QFPP100S - OK
QFPP132C - OK
QFPP132S - OK
QFPP164C - OK
QFPP164S - OK
QFPP196C - OK
QFPP196S - OK
QFPP244C - OK
QFPP244S - OK
QFPP84C - OK
QFPP84S - OK
QFPS10X10-112 - OK
QFPS10X10-120 - OK
QFPS10X10-64 - OK
QFPS10X10-64A - OK
QFPS10X10-72 - OK
QFPS10X10-80 - OK
QFPS10X10-88 - OK
QFPS10X14-100 - OK
QFPS10X14-108 - OK
QFPS10X14-80 - OK
QFPS10X14-88 - OK
QFPS12X12-100 - OK
QFPS12X12-108 - OK
QFPS12X12-136 - OK
QFPS12X12-144 - OK
QFPS12X12-80 - OK
QFPS12X12-88 - OK
QFPS14X14-100 - OK
QFPS14X14-108 - OK
QFPS14X14-120 - OK
QFPS14X14-128 - OK
QFPS14X14-168 - OK
QFPS14X14-176 - OK
QFPS14X20-120 - OK
QFPS14X20-128 - OK
QFPS14X20-128A - OK
QFPS14X20-128B - OK
QFPS14X20-152 - OK
QFPS14X20-160 - OK
QFPS16X16-120 - OK
QFPS20X20-144 - OK
QFPS20X20-152 - OK
QFPS20X20-184 - OK
QFPS20X20-192 - OK
QFPS20X20-248 - OK
QFPS20X20-256 - OK
QFPS20X28-176 - OK
QFPS20X28-184 - OK
QFPS20X28-224 - OK
QFPS20X28-232 - OK
QFPS24X24-176 - OK
QFPS24X24-184 - OK
QFPS24X24-224 - OK
QFPS24X24-232 - OK
QFPS24X24-296 - OK
QFPS24X24-304 - OK
QFPS28X28-160 - OK
QFPS28X28-208 - OK
QFPS28X28-208A - OK
QFPS28X28-208B - OK
QFPS28X28-216 - OK
QFPS28X28-256 - OK
QFPS28X28-264 - OK
QFPS28X28-272 - OK
QFPS28X28-352 - OK
QFPS28X28-400 - OK
QFPS28X40-256 - OK
QFPS28X40-264 - OK
QFPS28X40-324 - OK
QFPS28X40-332 - OK
QFPS32X32-240 - OK
QFPS32X32-248 - OK
QFPS32X32-304 - OK
QFPS32X32-312 - OK
QFPS32X32-400 - OK
QFPS32X32-408 - OK
QFPS36X36-272 - OK
QFPS36X36-280 - OK
QFPS36X36-344 - OK
QFPS36X36-352 - OK
QFPS36X36-456 - OK
QFPS36X36-464 - OK
QFPS40X40-304 - OK
QFPS40X40-312 - OK
QFPS40X40-384 - OK
QFPS40X40-392 - OK
QFPS40X40-512 - OK
QFPS40X40-520 - OK
QFPS44X44-336 - OK
QFPS44X44-344 - OK
QFPS44X44-424 - OK
QFPS44X44-432 - OK
QFPS44X44-568 - OK
QFPS44X44-576 - OK
QFPS5X5-24 - OK
QFPS5X5-32 - OK
QFPS5X5-32F - OK
QFPS5X5-40 - OK
QFPS5X5-48 - OK
QFPS5X5-56 - OK
QFPS5X7-32 - OK
QFPS5X7-40 - OK
QFPS5X7-44 - OK
QFPS5X7-52 - OK
QFPS6X6-32 - OK
QFPS6X6-40 - OK
QFPS6X6-40F - OK
QFPS6X6-48 - OK
QFPS6X6-56 - OK
QFPS6X6-64 - OK
QFPS7X10-52 - OK
QFPS7X10-60 - OK
QFPS7X10-68 - OK
QFPS7X10-76 - OK
QFPS7X7-40 - OK
QFPS7X7-48 - OK
QFPS7X7-56 - OK
QFPS7X7-64 - OK
QFPS7X7-72 - OK
QFPS7X7-80 - OK
QFPT10X10-44 - OK
QFPT10X10-52 - OK
QFPT10X10-64 - OK
QFPT14X14-64 - OK
QFPT14X14-80 - OK
QFPT14X20-100A - OK
QFPT14X20-100C - OK
QFPT20X20-112 - OK
QFPT24X24-176 - OK
RELAY_AGN-A - OK
RELAY_AGN-S - OK
RELAY_AGN200A4H - OK
RELAY_TQ-SMD-SA - OK
RELAY_TQ-SMD-SL - OK
RELAY_TQ-SMD-SS - OK
RES0603 - OK
RES1005 - OK
RES1608 - OK
RES2012 - OK
RES3216 - OK
RES3216X2 - OK
RES3225 - OK
RES3720 - OK
RES5025 - OK
RES5038 - OK
RES6235 - OK
RES6332 - OK
RES6350 - OK
RESM2012 - OK
RESM3216 - OK
RESM3516 - OK
RESM5923 - OK
RESN_742C08M - OK
RESN_742C08N - OK
RESN_CRA06P-8 - OK
RESN_CRC2A4E - OK
RESN_CTS742C-8 - OK
RESN_CTS752-18 - OK
RESN_CTS752SRT-10 - OK
RESN_EXB-28V - OK
RESN_EXB-2HV - OK
RESN_EXB-38V - OK
RESN_EXB-D - OK
RESN_EXB-E - OK
RESN_MNR04 - OK
RES_PRM1-2W - OK
RES_PRM1-4W - OK
RES_PRM1-8W - OK
RES_PRM1W - OK
RES_RM0705B - OK
RES_WSC4527 - OK
RES_WSM-1 - OK
RES_WSM-2 - OK
SC70-5 - OK
SC70-6 - OK
SC89-6 - OK
SO14 - OK
SO14RP - OK
SO14W - OK
SO16 - OK
SO16RP - OK
SO16W - OK
SO18RP - OK
SO18W - OK
SO20RP - OK
SO20W - OK
SO24A - OK
SO24RP - OK
SO24W - OK
SO24X - OK
SO28A - OK
SO28RP - OK
SO28W - OK
SO28X - OK
SO32A - OK
SO32W - OK
SO32X - OK
SO36A - OK
SO36W - OK
SO36X - OK
SO8 - OK
SO8RP - OK
SO8W - OK
SOJ300-14 - OK
SOJ300-16 - OK
SOJ300-18 - OK
SOJ300-20 - OK
SOJ300-20_26 - OK
SOJ300-22 - OK
SOJ300-24 - OK
SOJ300-24_26 - OK
SOJ300-26 - OK
SOJ300-26_20 - OK
SOJ300-26_24 - OK
SOJ300-28 - OK
SOJ300-32 - OK
SOJ350-14 - OK
SOJ350-16 - OK
SOJ350-18 - OK
SOJ350-20 - OK
SOJ350-20_26 - OK
SOJ350-22 - OK
SOJ350-24 - OK
SOJ350-26 - OK
SOJ350-26_20 - OK
SOJ350-28 - OK
SOJ400-14 - OK
SOJ400-16 - OK
SOJ400-18 - OK
SOJ400-20 - OK
SOJ400-22 - OK
SOJ400-24 - OK
SOJ400-24_28 - OK
SOJ400-26 - OK
SOJ400-28 - OK
SOJ400-28_24 - OK
SOJ400-32 - OK
SOJ400-36 - OK
SOJ400-40 - OK
SOJ400-42 - OK
SOJ400-44 - OK
SOJ400-50_44 - OK
SOJ450-14 - OK
SOJ450-16 - OK
SOJ450-18 - OK
SOJ450-20 - OK
SOJ450-22 - OK
SOJ450-24 - OK
SOJ450-26 - OK
SOJ450-28 - OK
SOP10 - OK
SOP100X1200-32 - OK
SOP12 - OK
SOP127X680-4 - OK
SOP127X780-14 - OK
SOP127X780-16 - OK
SOP127X780-20 - OK
SOP127X780-24 - OK
SOP14 - OK
SOP16 - OK
SOP18 - OK
SOP20 - OK
SOP22 - OK
SOP24 - OK
SOP28 - OK
SOP30 - OK
SOP32 - OK
SOP36 - OK
SOP40 - OK
SOP42 - OK
SOP44 - OK
SOP50X620-40 - OK
SOP50X620-80 - OK
SOP6 - OK
SOP63X1035-28 - OK
SOP63X1035-36 - OK
SOP63X1035-48 - OK
SOP63X1035-56 - OK
SOP63X1035-64 - OK
SOP63X600-16 - OK
SOP63X600-20 - OK
SOP63X600-24 - OK
SOP63X600-28 - OK
SOP63X780-14 - OK
SOP63X780-16 - OK
SOP63X780-20 - OK
SOP63X780-24 - OK
SOP63X780-28 - OK
SOP63X780-8 - OK
SOP65X400-8 - OK
SOP65X494-8 - OK
SOP65X505-8 - OK
SOP65X640-14 - OK
SOP65X640-16 - OK
SOP65X640-20 - OK
SOP65X640-24 - OK
SOP65X640-28 - OK
SOP65X640-8 - OK
SOP65X780-14 - OK
SOP65X780-16 - OK
SOP65X780-20 - OK
SOP65X780-24 - OK
SOP65X780-28 - OK
SOP65X780-30 - OK
SOP65X780-38 - OK
SOP65X780-8 - OK
SOP8 - OK
SOP80X1040-36 - OK
SOP80X1080-50 - OK
SOP80X1380-64 - OK
SOP80X1600-56 - OK
SOP80X900-16 - OK
SOPT100X285-6 - OK
SOPT127X1175-24_28 - OK
SOPT127X1175-24_28R - OK
SOPT127X1175-28_24 - OK
SOPT127X1175-28_24R - OK
SOPT127X1175-32 - OK
SOPT127X1175-32R - OK
SOPT30X2000-36 - OK
SOPT30X2000-52 - OK
SOPT30X2000-64 - OK
SOPT30X2000-76 - OK
SOPT40X1800-28 - OK
SOPT40X1800-40 - OK
SOPT40X1800-48 - OK
SOPT40X1800-60 - OK
SOPT40X640-14 - OK
SOPT40X640-16 - OK
SOPT40X640-20 - OK
SOPT40X640-24 - OK
SOPT40X640-48 - OK
SOPT40X640-56 - OK
SOPT40X810-100 - OK
SOPT40X810-80 - OK
SOPT50X1175-86 - OK
SOPT50X1340-32 - OK
SOPT50X1400-40 - OK
SOPT50X1600-24 - OK
SOPT50X1600-32 - OK
SOPT50X1600-40 - OK
SOPT50X1600-48 - OK
SOPT50X2000-32 - OK
SOPT50X2000-40 - OK
SOPT50X2000-48 - OK
SOPT50X2000-56 - OK
SOPT50X310-8 - OK
SOPT50X490-10 - OK
SOPT50X640-38 - OK
SOPT50X810-48 - OK
SOPT50X810-56 - OK
SOPT50X810-64 - OK
SOPT55X1340-28 - OK
SOPT55X1340-28C - OK
SOPT55X1340-28R - OK
SOPT65X1176-66 - OK
SOPT65X1400-16 - OK
SOPT65X1400-24 - OK
SOPT65X1400-28 - OK
SOPT65X1400-36 - OK
SOPT65X400-8 - OK
SOPT65X490-8 - OK
SOPT65X640-14 - OK
SOPT65X640-14T - OK
SOPT65X640-16 - OK
SOPT65X640-16T - OK
SOPT65X640-20 - OK
SOPT65X640-20T - OK
SOPT65X640-24 - OK
SOPT65X640-24T - OK
SOPT65X640-28 - OK
SOPT65X640-28T - OK
SOPT65X640-8 - OK
SOPT65X810-30 - OK
SOPT65X810-32 - OK
SOPT65X810-38 - OK
SOPT80X1175-32 - OK
SOPT80X1175-40_44 - OK
SOPT80X1175-40_44R - OK
SOPT80X1175-44 - OK
SOPT80X1175-44_40 - OK
SOPT80X1175-44_40R - OK
SOPT80X1175-50 - OK
SOPT80X1175-50_44 - OK
SOPT80X1175-54 - OK
SOT-143 - OK
SOT-143R - OK
SOT-223 - OK
SOT-223-4 - OK
SOT-223-5 - OK
SOT-23 - OK
SOT-23-5 - OK
SOT-23-6 - OK
SOT-23-8 - OK
SOT-23_132 - OK
SOT-26A - OK
SOT-323 - OK
SOT-343 - OK
SOT-343R - OK
SOT-353 - OK
SOT-363 - OK
SOT-404 - OK
SOT-563F - OK
SOT-89 - OK
SOT-TI-PK - OK
SPARKGAP2008-125 - OK
SSOP5-P-65 - OK
SSOP5-P-95 - OK
SW_6.35MM - OK
SW_CK-TD08HOSK1 - OK
SW_CTS-219-08M - OK
SW_CTS-219-12 - OK
SW_EVQ-PH - OK
SW_EVQ-PLDA15 - OK
SW_EVQ-PPD - OK
SW_PTS635SX43SM - OK
SW_SNAPTRON-F6SS - OK
TO-220DD-7 - OK
TO-236 - OK
TO-252 - OK
TO-252AA - OK
TO-263-2 - OK
TO-263AA-3 - OK
TO-263AB-2 - OK
TO-263AB-5 - OK
TO-263AC-7 - OK
TO-263AD-11 - OK
TO-263AE-15 - OK
TO-263BA-3 - OK
TO-263BB-5 - OK
TO-263BC-7 - OK
TO-263BD-9 - OK
TO-263D2-2 - OK
TO-263NS-3 - OK
TO-263NS-5 - OK
TO-263NS-7 - OK
TO-263ST-3 - OK
TO-263TI-5 - OK
TP065X065 - OK
TP100 - OK
TP270X100 - OK
TRANS_SI7850DP - OK
TRIM_3269W - OK
TRIM_3313J - OK
TRIM_3314J-1 - OK
TRIM_GV4W - OK
TUNER_BCM3401 - OK
TVS2012 - OK
VCO_SAWTEK-852267 - OK
VCO_VARIL-VCO19V-XXXXT - OK
XDCR_TFDU6102E - OK
XDCR_TFDU6102E-V - OK
XDCR_TFMM-SM - OK
XDCR_TSOP52 - OK
XDCR_TSOP52V - OK
XFMR_000-5453-30R - OK
XFMR_B4F - OK
XFMR_B4FL - OK
XFMR_B5F - OK
XFMR_B5FL - OK
XFMR_CTX-4 - OK
XFMR_CTX-6W-E - OK
XFMR_CTX-6W-F - OK
XFMR_DLP31D - OK
XFMR_LDB15C101A2400 - OK
XFMR_LRDC - OK
XFMR_P0401 - OK
XFMR_PA0185 - OK
XFMR_PE-23Z-SM - OK
XFMR_PE-655XX - OK
XFMR_PE-67540 - OK
XFMR_PE-H1012 - OK
XFMR_PE-H1062 - OK
XFMR_PE-H1102 - OK
XFMR_PE-H1140 - OK
XFMR_PE-H1141 - OK
XFMR_PE-H1164 - OK
XFMR_PE-H5004 - OK
XFMR_PE-H68515L - OK
XFMR_PE-H68517L - OK
XFMR_SP36 - OK
XFMR_TTI5870 - OK
XTAL_ABLS3 - OK
XTAL_ATS08ASM - OK
XTAL_CM201 - OK
XTAL_CM202 - OK
XTAL_CM309A - OK
XTAL_CM309B - OK
XTAL_CS20 - OK
XTAL_CSBF-J - OK
XTAL_CSM-7 - OK
XTAL_ECCM5A - OK
XTAL_FSM327 - OK
XTAL_FST327 - OK
XTAL_FX532A - OK
XTAL_HC49-D - OK
XTAL_HC49-W - OK
XTAL_HCM49 - OK
XTAL_MA-505 - OK
XTAL_MA-506 - OK
XTAL_MC-405 - OK
XTAL_MC-406 - OK
XTAL_VXB1 - OK
记录已转换:950
错误: 0

Converting C:\Users\Administrator\Desktop\ourdev_449775\SMN.pd4...
AMP_ABA3100 - OK
AMP_ERA-1SM - OK
AMP_ERA-2SM - OK
AMP_ERA-3SM - OK
AMP_FMM5701LG - OK
AMP_LMC7111BIM5 - OK
AMP_MAR-1SM - OK
AMP_MGF4953A - OK
AMP_NE3210S01 - OK
AMP_NGA-386 - OK
AMP_S3051 - OK
BGA100P11X15-165 - OK
BGA100P14X14-148 - OK
BGA100P14X14-196 - OK
BGA100P16X16-255 - OK
BGA100P16X16-256 - OK
BGA100P16X16-256A - OK
BGA100P17X17-284 - OK
BGA100P20X20-256 - OK
BGA100P20X20-364 - OK
BGA100P22X22-360 - OK
BGA100P22X22-456 - OK
BGA100P22X22-484 - OK
BGA100P26X26-456 - OK
BGA100P26X26-672 - OK
BGA100P26X26-676 - OK
BGA100P30X30-608 - OK
BGA100P30X30-640 - OK
BGA100P8X8-64 - OK
BGA100P9X13-117 - OK
BGA127P16X16-256 - OK
BGA127P17X17-192 - OK
BGA127P17X17-233 - OK
BGA127P17X17-241 - OK
BGA127P19X19-357 - OK
BGA127P19X19-360 - OK
BGA127P19X19-361 - OK
BGA127P20X20-256 - OK
BGA127P20X20-272 - OK
BGA127P20X20-292 - OK
BGA127P20X20-308 - OK
BGA127P20X20-324 - OK
BGA127P20X20-328 - OK
BGA127P20X20-330 - OK
BGA127P20X20-348 - OK
BGA127P21X24-495 - OK
BGA127P23X23-304 - OK
BGA127P23X23-421 - OK
BGA127P24X24-324 - OK
BGA127P26X26-312 - OK
BGA127P26X26-352 - OK
BGA127P26X26-356 - OK
BGA127P26X26-388 - OK
BGA127P26X26-420 - OK
BGA127P26X26-436 - OK
BGA127P26X26-452 - OK
BGA127P26X26-456 - OK
BGA127P26X26-492 - OK
BGA127P29X29-400 - OK
BGA127P29X29-480 - OK
BGA127P29X29-503 - OK
BGA127P31X31-432 - OK
BGA127P31X31-520 - OK
BGA127P31X31-600 - OK
BGA127P31X31-665 - OK
BGA127P31X31-873 - OK
BGA127P31X31-957 - OK
BGA127P32X32-540 - OK
BGA127P33X33-560 - OK
BGA127P34X34-630 - OK
BGA127P35X35-600 - OK
BGA127P35X35-652 - OK
BGA127P7X17-119 - OK
BGA150P15X15-225 - OK
BGA50P14X14-108 - OK
BGA50P3X3-8 - OK
BGA65P20X20-204 - OK
BGA75P6X8-48 - OK
BGA80P13X13-144 - OK
BGA80P14X14-180 - OK
BGA80P19X19-210 - OK
BGA80P19X19-280 - OK
BGA80P20X20-399 - OK
BGA80P4X15-60 - OK
BGA80P6X16-96 - OK
BGA80P6X19-114 - OK
BGA80P6X9-54 - OK
BGA80P7X7-32 - OK
BGA80P7X7-48 - OK
BGA80P8X12-96 - OK
BGA80P8X8-64 - OK
CAP0603 - OK
CAP0816 - OK
CAP1005 - OK
CAP1310 - OK
CAP1320 - OK
CAP1608 - OK
CAP1632 - OK
CAP2012 - OK
CAP3216 - OK
CAP3225 - OK
CAP3813 - OK
CAP4520 - OK
CAP4532 - OK
CAP4564 - OK
CAP4833 - OK
CAP5664 - OK
CAP5750 - OK
CAP6041 - OK
CAPAE-A - OK
CAPAE-B - OK
CAPAE-C - OK
CAPAE-D - OK
CAPAE-E - OK
CAPAE-F - OK
CAPAE-G - OK
CAPAE-H - OK
CAPN0508-4 - OK
CAPN_W3A4 - OK
CAPT2012 - OK
CAPT3216 - OK
CAPT3528 - OK
CAPT4726 - OK
CAPT5846 - OK
CAPT594D-B - OK
CAPT594D-C - OK
CAPT594D-D - OK
CAPT594D-R - OK
CAPT6032 - OK
CAPT7343 - OK
CAPT7343H - OK
CAPT7358 - OK
CAPTCWR06A - OK
CAPTCWR06B - OK
CAPTCWR06C - OK
CAPTCWR06D - OK
CAPTCWR06E - OK
CAPTCWR06F - OK
CAPTCWR06G - OK
CAPTCWR06H - OK
CAP_CDR12 - OK
CAP_CDR33B - OK
CAP_ECC-S - OK
CAP_EEV-FC-J16 - OK
CAP_EEV-FC-K16 - OK
CAP_WIMA7370 - OK
CGA19X19-200 - OK
D2PAK - OK
D2PAK-IR - OK
DIOMLL34 - OK
DIOMLL41 - OK
DIOSMA - OK
DIOSMB - OK
DIOSMC - OK
DIOSOD-123 - OK
DIOSOD-323 - OK
DIOSOD-523 - OK
DIO_DF15 - OK
DIO_MA111 - OK
DIO_MA2S728 - OK
DIO_MELF-A - OK
DIO_MELF-B - OK
DIO_MINIMELF - OK
DIO_POWERMITE - OK
DO-214AA - OK
DO-214AB - OK
DO-214AC - OK
FIDUCIAL10-20 - OK
FIDUCIAL10-30 - OK
FIDUCIAL15-30 - OK
FIDUCIAL20-40 - OK
FIL_B69812-N1477-A540 - OK
FIL_CX6002 - OK
FIL_EXCCET - OK
FIL_QCC8B - OK
FUSER_1812L150 - OK
FUSE_0436 - OK
FUSE_1608FF - OK
FUSE_3216FF - OK
FUSE_F0500T - OK
FUSE_F1250T - OK
FUSE_MINISMDC050 - OK
FUSE_PFSM100 - OK
FUSE_R451 - OK
FUSE_R452 - OK
FUSE_SMF_OMNI-BLOK - OK
FUSE_VTP210S - OK
IC_B3605 - OK
IND1005 - OK
IND1608 - OK
IND2012 - OK
IND2520 - OK
IND3216 - OK
IND3225 - OK
IND4516 - OK
IND4532 - OK
IND5750 - OK
IND6350 - OK
INDM2116 - OK
INDM2520 - OK
INDM3225 - OK
INDM3230 - OK
INDM4030 - OK
INDM4130 - OK
INDM4532 - OK
INDM5450 - OK
INDM8530 - OK
INDN_ACA3216-6 - OK
IND_1008LS - OK
IND_1008PS - OK
IND_5CA - OK
IND_ACM3225-2P - OK
IND_ACM4532 - OK
IND_BH_QTR-PAK - OK
IND_CDR125 - OK
IND_CDRH104R - OK
IND_CDRH125 - OK
IND_CDRH5D18 - OK
IND_CLS62 - OK
IND_D52FU - OK
IND_D52LC - OK
IND_D62LCB - OK
IND_DLW31SN - OK
IND_DO1608 - OK
IND_DO3308 - OK
IND_DO3316 - OK
IND_DO5022 - OK
IND_DS1608 - OK
IND_ELL6RH - OK
IND_ELL6SH - OK
IND_ETQP6 - OK
IND_IDC-5020 - OK
IND_IHLP-2525CZ-01 - OK
IND_IHLP2525 - OK
IND_LCD104C - OK
IND_PCCN6B - OK
IND_PM105S - OK
IND_PM40 - OK
IND_PM63S - OK
IND_PULSE_BIGFOOT - OK
IND_SDR0403 - OK
IND_SLF10145 - OK
IND_SLF12575 - OK
IND_SLF6028 - OK
IND_SLF7032 - OK
IND_SPD127 - OK
IND_TOKO_43FS - OK
IND_UP4B - OK
LED_0603 - OK
LED_0805 - OK
LED_1206 - OK
LED_3216 - OK
LED_597-77X1 - OK
LED_LN1261C - OK
LED_LNJ261C3ARA - OK
LED_LTST-S320 - OK
LED_SML-LX23 - OK
LED_SML10XXT-TR - OK
LED_SSL-LXA228SC-TR11 - OK
OSC_ASL - OK
OSC_ASM - OK
OSC_ATP-SM - OK
OSC_CB3 - OK
OSC_CMX-309 - OK
OSC_CS20 - OK
OSC_CSM-12 - OK
OSC_CXOM - OK
OSC_EC15 - OK
OSC_ECS-8F - OK
OSC_ECS-8FM - OK
OSC_ECX-306 - OK
OSC_F3160 - OK
OSC_F3165 - OK
OSC_F3345 - OK
OSC_F3355 - OK
OSC_F4000 - OK
OSC_F4100 - OK
OSC_FPX - OK
OSC_FSO - OK
OSC_FSR327 - OK
OSC_GXO-U108 - OK
OSC_HSM536 - OK
OSC_HSM92 - OK
OSC_MA-506 - OK
OSC_MC-306 - OK
OSC_MHRJ - OK
OSC_MTRON-M1S - OK
OSC_SG-615 - OK
OSC_SG-636 - OK
OSC_SG-8002CA - OK
OSC_SM55 - OK
OSC_SX1555 - OK
OSC_UVV - OK
OSC_VG-1011JA - OK
OSC_VS-500A - OK
OSC_VS-700 - OK
OSC_XM-1 - OK
PLCC-100 - OK
PLCC-124 - OK
PLCC-20 - OK
PLCC-28 - OK
PLCC-44 - OK
PLCC-52 - OK
PLCC-68 - OK
PLCC-84 - OK
PLCCR-18 - OK
PLCCR-18A - OK
PLCCR-22 - OK
PLCCR-28 - OK
PLCCR-32 - OK
PLCCRS-32 - OK
PLCCS-20 - OK
PLCCS-28 - OK
PLCCS-44 - OK
PLCCS-52 - OK
PLCCS-68 - OK
PLCCS-84 - OK
QFL13-64X64-12 - OK
QFN4-10X10-84 - OK
QFN4-12X12-100 - OK
QFN5-10X10-64 - OK
QFN5-10X10-68 - OK
QFN5-10X10-72 - OK
QFN5-12X12-80 - OK
QFN5-2X2-8 - OK
QFN5-35X35-20 - OK
QFN5-35X45-24 - OK
QFN5-3X3-12 - OK
QFN5-3X3-16 - OK
QFN5-3X3-8 - OK
QFN5-45X55-32 - OK
QFN5-45X65-36 - OK
QFN5-4X3-16 - OK
QFN5-4X4-14 - OK
QFN5-4X4-16 - OK
QFN5-4X4-20 - OK
QFN5-4X4-24 - OK
QFN5-4X5-24 - OK
QFN5-4X5-28 - OK
QFN5-55X65-40 - OK
QFN5-5X4-24 - OK
QFN5-5X5-28 - OK
QFN5-5X5-32 - OK
QFN5-5X7-38 - OK
QFN5-6X5-32 - OK
QFN5-6X6-36 - OK
QFN5-6X6-38 - OK
QFN5-6X6-40 - OK
QFN5-7X7-40 - OK
QFN5-7X7-44 - OK
QFN5-7X7-48 - OK
QFN5-8X8-48 - OK
QFN5-8X8-52 - OK
QFN5-8X8-56 - OK
QFN5-9X9-56 - OK
QFN5-9X9-60 - OK
QFN5-9X9-64 - OK
QFN65-10X10-52 - OK
QFN65-2X3-8 - OK
QFN65-3X3-12 - OK
QFN65-3X3-8 - OK
QFN65-4X3-12 - OK
QFN65-4X4-12 - OK
QFN65-4X4-16 - OK
QFN65-5X4-18 - OK
QFN65-5X5-20 - OK
QFN65-5X5-24 - OK
QFN65-5X6-22 - OK
QFN65-6X5-22 - OK
QFN65-6X6-24 - OK
QFN65-6X6-28 - OK
QFN65-6X6-32 - OK
QFN65-7X7-32 - OK
QFN65-7X7-36 - OK
QFN65-8X8-36 - OK
QFN65-8X8-40 - OK
QFN65-8X8-44 - OK
QFN65-9X9-44 - OK
QFN65-9X9-48 - OK
QFN8-10X10-44 - OK
QFN8-3X3-12 - OK
QFN8-3X3-4 - OK
QFN8-4X3-8 - OK
QFN8-4X4-12 - OK
QFN8-4X4-14 - OK
QFN8-5X4-14 - OK
QFN8-5X4-16 - OK
QFN8-5X5-16 - OK
QFN8-5X5-20 - OK
QFN8-6X5-18 - OK
QFN8-6X5-20 - OK
QFN8-6X6-20 - OK
QFN8-6X6-24 - OK
QFN8-7X7-28 - OK
QFN8-8X8-28 - OK
QFN8-8X8-32 - OK
QFN8-9X9-36 - OK
QFN_VECTRON-CD700 - OK
QFP100C - OK
QFP100S - OK
QFP10X10-44 - OK
QFP10X10-44A - OK
QFP10X10-44B - OK
QFP10X10-44C - OK
QFP10X10-52 - OK
QFP12X12-48 - OK
QFP12X12-64 - OK
QFP132C - OK
QFP132S - OK
QFP14X14-52 - OK
QFP14X14-52A - OK
QFP14X14-64 - OK
QFP14X14-80 - OK
QFP14X20-100 - OK
QFP14X20-100A - OK
QFP14X20-100B - OK
QFP14X20-100C - OK
QFP14X20-100D - OK
QFP14X20-80 - OK
QFP14X20-80A - OK
QFP14X20-80B - OK
QFP14X20-80C - OK
QFP15X21-64 - OK
QFP164C - OK
QFP164S - OK
QFP16X22-64 - OK
QFP17X17-52 - OK
QFP17X23-88 - OK
QFP196C - OK
QFP196S - OK
QFP20X20-112 - OK
QFP22X22-100 - OK
QFP244C - OK
QFP244S - OK
QFP28X28-120 - OK
QFP28X28-128 - OK
QFP28X28-144 - OK
QFP28X28-160 - OK
QFP28X28-160A - OK
QFP28X28-168 - OK
QFP32X32-184 - OK
QFP40X40-232 - OK
QFP7X7-32 - OK
QFP84C - OK
QFP84S - OK
QFPP100C - OK
QFPP100S - OK
QFPP132C - OK
QFPP132S - OK
QFPP164C - OK
QFPP164S - OK
QFPP196C - OK
QFPP196S - OK
QFPP244C - OK
QFPP244S - OK
QFPP84C - OK
QFPP84S - OK
QFPS10X10-112 - OK
QFPS10X10-120 - OK
QFPS10X10-64 - OK
QFPS10X10-64A - OK
QFPS10X10-72 - OK
QFPS10X10-80 - OK
QFPS10X10-88 - OK
QFPS10X14-100 - OK
QFPS10X14-108 - OK
QFPS10X14-80 - OK
QFPS10X14-88 - OK
QFPS12X12-100 - OK
QFPS12X12-108 - OK
QFPS12X12-136 - OK
QFPS12X12-144 - OK
QFPS12X12-80 - OK
QFPS12X12-88 - OK
QFPS14X14-100 - OK
QFPS14X14-108 - OK
QFPS14X14-120 - OK
QFPS14X14-128 - OK
QFPS14X14-168 - OK
QFPS14X14-176 - OK
QFPS14X20-120 - OK
QFPS14X20-128 - OK
QFPS14X20-128A - OK
QFPS14X20-128B - OK
QFPS14X20-152 - OK
QFPS14X20-160 - OK
QFPS16X16-120 - OK
QFPS20X20-144 - OK
QFPS20X20-152 - OK
QFPS20X20-184 - OK
QFPS20X20-192 - OK
QFPS20X20-248 - OK
QFPS20X20-256 - OK
QFPS20X28-176 - OK
QFPS20X28-184 - OK
QFPS20X28-224 - OK
QFPS20X28-232 - OK
QFPS24X24-176 - OK
QFPS24X24-184 - OK
QFPS24X24-224 - OK
QFPS24X24-232 - OK
QFPS24X24-296 - OK
QFPS24X24-304 - OK
QFPS28X28-160 - OK
QFPS28X28-208 - OK
QFPS28X28-208A - OK
QFPS28X28-208B - OK
QFPS28X28-216 - OK
QFPS28X28-256 - OK
QFPS28X28-264 - OK
QFPS28X28-272 - OK
QFPS28X28-352 - OK
QFPS28X28-400 - OK
QFPS28X40-256 - OK
QFPS28X40-264 - OK
QFPS28X40-324 - OK
QFPS28X40-332 - OK
QFPS32X32-240 - OK
QFPS32X32-248 - OK
QFPS32X32-304 - OK
QFPS32X32-312 - OK
QFPS32X32-400 - OK
QFPS32X32-408 - OK
QFPS36X36-272 - OK
QFPS36X36-280 - OK
QFPS36X36-344 - OK
QFPS36X36-352 - OK
QFPS36X36-456 - OK
QFPS36X36-464 - OK
QFPS40X40-304 - OK
QFPS40X40-312 - OK
QFPS40X40-384 - OK
QFPS40X40-392 - OK
QFPS40X40-512 - OK
QFPS40X40-520 - OK
QFPS44X44-336 - OK
QFPS44X44-344 - OK
QFPS44X44-424 - OK
QFPS44X44-432 - OK
QFPS44X44-568 - OK
QFPS44X44-576 - OK
QFPS5X5-24 - OK
QFPS5X5-32 - OK
QFPS5X5-32F - OK
QFPS5X5-40 - OK
QFPS5X5-48 - OK
QFPS5X5-56 - OK
QFPS5X7-32 - OK
QFPS5X7-40 - OK
QFPS5X7-44 - OK
QFPS5X7-52 - OK
QFPS6X6-32 - OK
QFPS6X6-40 - OK
QFPS6X6-40F - OK
QFPS6X6-48 - OK
QFPS6X6-56 - OK
QFPS6X6-64 - OK
QFPS7X10-52 - OK
QFPS7X10-60 - OK
QFPS7X10-68 - OK
QFPS7X10-76 - OK
QFPS7X7-40 - OK
QFPS7X7-48 - OK
QFPS7X7-56 - OK
QFPS7X7-64 - OK
QFPS7X7-72 - OK
QFPS7X7-80 - OK
QFPT10X10-44 - OK
QFPT10X10-52 - OK
QFPT10X10-64 - OK
QFPT14X14-64 - OK
QFPT14X14-80 - OK
QFPT14X20-100A - OK
QFPT14X20-100C - OK
QFPT20X20-112 - OK
QFPT24X24-176 - OK
RELAY_AGN-A - OK
RELAY_AGN-S - OK
RELAY_AGN200A4H - OK
RELAY_TQ-SMD-SA - OK
RELAY_TQ-SMD-SL - OK
RELAY_TQ-SMD-SS - OK
RES0603 - OK
RES1005 - OK
RES1608 - OK
RES2012 - OK
RES3216 - OK
RES3216X2 - OK
RES3225 - OK
RES3720 - OK
RES5025 - OK
RES5038 - OK
RES6235 - OK
RES6332 - OK
RES6350 - OK
RESM2012 - OK
RESM3216 - OK
RESM3516 - OK
RESM5923 - OK
RESN_742C08M - OK
RESN_742C08N - OK
RESN_CRA06P-8 - OK
RESN_CRC2A4E - OK
RESN_CTS742C-8 - OK
RESN_CTS752-18 - OK
RESN_CTS752SRT-10 - OK
RESN_EXB-28V - OK
RESN_EXB-2HV - OK
RESN_EXB-38V - OK
RESN_EXB-D - OK
RESN_EXB-E - OK
RESN_MNR04 - OK
RES_PRM1-2W - OK
RES_PRM1-4W - OK
RES_PRM1-8W - OK
RES_PRM1W - OK
RES_RM0705B - OK
RES_WSC4527 - OK
RES_WSM-1 - OK
RES_WSM-2 - OK
SC70-5 - OK
SC70-6 - OK
SC89-6 - OK
SO14 - OK
SO14RP - OK
SO14W - OK
SO16 - OK
SO16RP - OK
SO16W - OK
SO18RP - OK
SO18W - OK
SO20RP - OK
SO20W - OK
SO24A - OK
SO24RP - OK
SO24W - OK
SO24X - OK
SO28A - OK
SO28RP - OK
SO28W - OK
SO28X - OK
SO32A - OK
SO32W - OK
SO32X - OK
SO36A - OK
SO36W - OK
SO36X - OK
SO8 - OK
SO8RP - OK
SO8W - OK
SOJ300-14 - OK
SOJ300-16 - OK
SOJ300-18 - OK
SOJ300-20 - OK
SOJ300-20_26 - OK
SOJ300-22 - OK
SOJ300-24 - OK
SOJ300-24_26 - OK
SOJ300-26 - OK
SOJ300-26_20 - OK
SOJ300-26_24 - OK
SOJ300-28 - OK
SOJ300-32 - OK
SOJ350-14 - OK
SOJ350-16 - OK
SOJ350-18 - OK
SOJ350-20 - OK
SOJ350-20_26 - OK
SOJ350-22 - OK
SOJ350-24 - OK
SOJ350-26 - OK
SOJ350-26_20 - OK
SOJ350-28 - OK
SOJ400-14 - OK
SOJ400-16 - OK
SOJ400-18 - OK
SOJ400-20 - OK
SOJ400-22 - OK
SOJ400-24 - OK
SOJ400-24_28 - OK
SOJ400-26 - OK
SOJ400-28 - OK
SOJ400-28_24 - OK
SOJ400-32 - OK
SOJ400-36 - OK
SOJ400-40 - OK
SOJ400-42 - OK
SOJ400-44 - OK
SOJ400-50_44 - OK
SOJ450-14 - OK
SOJ450-16 - OK
SOJ450-18 - OK
SOJ450-20 - OK
SOJ450-22 - OK
SOJ450-24 - OK
SOJ450-26 - OK
SOJ450-28 - OK
SOP10 - OK
SOP100X1200-32 - OK
SOP12 - OK
SOP127X680-4 - OK
SOP127X780-14 - OK
SOP127X780-16 - OK
SOP127X780-20 - OK
SOP127X780-24 - OK
SOP14 - OK
SOP16 - OK
SOP18 - OK
SOP20 - OK
SOP22 - OK
SOP24 - OK
SOP28 - OK
SOP30 - OK
SOP32 - OK
SOP36 - OK
SOP40 - OK
SOP42 - OK
SOP44 - OK
SOP50X620-40 - OK
SOP50X620-80 - OK
SOP6 - OK
SOP63X1035-28 - OK
SOP63X1035-36 - OK
SOP63X1035-48 - OK
SOP63X1035-56 - OK
SOP63X1035-64 - OK
SOP63X600-16 - OK
SOP63X600-20 - OK
SOP63X600-24 - OK
SOP63X600-28 - OK
SOP63X780-14 - OK
SOP63X780-16 - OK
SOP63X780-20 - OK
SOP63X780-24 - OK
SOP63X780-28 - OK
SOP63X780-8 - OK
SOP65X400-8 - OK
SOP65X494-8 - OK
SOP65X505-8 - OK
SOP65X640-14 - OK
SOP65X640-16 - OK
SOP65X640-20 - OK
SOP65X640-24 - OK
SOP65X640-28 - OK
SOP65X640-8 - OK
SOP65X780-14 - OK
SOP65X780-16 - OK
SOP65X780-20 - OK
SOP65X780-24 - OK
SOP65X780-28 - OK
SOP65X780-30 - OK
SOP65X780-38 - OK
SOP65X780-8 - OK
SOP8 - OK
SOP80X1040-36 - OK
SOP80X1080-50 - OK
SOP80X1380-64 - OK
SOP80X1600-56 - OK
SOP80X900-16 - OK
SOPT100X285-6 - OK
SOPT127X1175-24_28 - OK
SOPT127X1175-24_28R - OK
SOPT127X1175-28_24 - OK
SOPT127X1175-28_24R - OK
SOPT127X1175-32 - OK
SOPT127X1175-32R - OK
SOPT30X2000-36 - OK
SOPT30X2000-52 - OK
SOPT30X2000-64 - OK
SOPT30X2000-76 - OK
SOPT40X1800-28 - OK
SOPT40X1800-40 - OK
SOPT40X1800-48 - OK
SOPT40X1800-60 - OK
SOPT40X640-14 - OK
SOPT40X640-16 - OK
SOPT40X640-20 - OK
SOPT40X640-24 - OK
SOPT40X640-48 - OK
SOPT40X640-56 - OK
SOPT40X810-100 - OK
SOPT40X810-80 - OK
SOPT50X1175-86 - OK
SOPT50X1340-32 - OK
SOPT50X1400-40 - OK
SOPT50X1600-24 - OK
SOPT50X1600-32 - OK
SOPT50X1600-40 - OK
SOPT50X1600-48 - OK
SOPT50X2000-32 - OK
SOPT50X2000-40 - OK
SOPT50X2000-48 - OK
SOPT50X2000-56 - OK
SOPT50X310-8 - OK
SOPT50X490-10 - OK
SOPT50X640-38 - OK
SOPT50X810-48 - OK
SOPT50X810-56 - OK
SOPT50X810-64 - OK
SOPT55X1340-28 - OK
SOPT55X1340-28C - OK
SOPT55X1340-28R - OK
SOPT65X1176-66 - OK
SOPT65X1400-16 - OK
SOPT65X1400-24 - OK
SOPT65X1400-28 - OK
SOPT65X1400-36 - OK
SOPT65X400-8 - OK
SOPT65X490-8 - OK
SOPT65X640-14 - OK
SOPT65X640-14T - OK
SOPT65X640-16 - OK
SOPT65X640-16T - OK
SOPT65X640-20 - OK
SOPT65X640-20T - OK
SOPT65X640-24 - OK
SOPT65X640-24T - OK
SOPT65X640-28 - OK
SOPT65X640-28T - OK
SOPT65X640-8 - OK
SOPT65X810-30 - OK
SOPT65X810-32 - OK
SOPT65X810-38 - OK
SOPT80X1175-32 - OK
SOPT80X1175-40_44 - OK
SOPT80X1175-40_44R - OK
SOPT80X1175-44 - OK
SOPT80X1175-44_40 - OK
SOPT80X1175-44_40R - OK
SOPT80X1175-50 - OK
SOPT80X1175-50_44 - OK
SOPT80X1175-54 - OK
SOT-143 - OK
SOT-143R - OK
SOT-223 - OK
SOT-223-4 - OK
SOT-223-5 - OK
SOT-23 - OK
SOT-23-5 - OK
SOT-23-6 - OK
SOT-23-8 - OK
SOT-23_132 - OK
SOT-26A - OK
SOT-323 - OK
SOT-343 - OK
SOT-343R - OK
SOT-353 - OK
SOT-363 - OK
SOT-404 - OK
SOT-563F - OK
SOT-89 - OK
SOT-TI-PK - OK
SPARKGAP2008-125 - OK
SSOP5-P-65 - OK
SSOP5-P-95 - OK
SW_6.35MM - OK
SW_CK-TD08HOSK1 - OK
SW_CTS-219-08M - OK
SW_CTS-219-12 - OK
SW_EVQ-PH - OK
SW_EVQ-PLDA15 - OK
SW_EVQ-PPD - OK
SW_PTS635SX43SM - OK
SW_SNAPTRON-F6SS - OK
TO-220DD-7 - OK
TO-236 - OK
TO-252 - OK
TO-252AA - OK
TO-263-2 - OK
TO-263AA-3 - OK
TO-263AB-2 - OK
TO-263AB-5 - OK
TO-263AC-7 - OK
TO-263AD-11 - OK
TO-263AE-15 - OK
TO-263BA-3 - OK
TO-263BB-5 - OK
TO-263BC-7 - OK
TO-263BD-9 - OK
TO-263D2-2 - OK
TO-263NS-3 - OK
TO-263NS-5 - OK
TO-263NS-7 - OK
TO-263ST-3 - OK
TO-263TI-5 - OK
TP065X065 - OK
TP100 - OK
TP270X100 - OK
TRANS_SI7850DP - OK
TRIM_3269W - OK
TRIM_3313J - OK
TRIM_3314J-1 - OK
TRIM_GV4W - OK
TUNER_BCM3401 - OK
TVS2012 - OK
VCO_SAWTEK-852267 - OK
VCO_VARIL-VCO19V-XXXXT - OK
XDCR_TFDU6102E - OK
XDCR_TFDU6102E-V - OK
XDCR_TFMM-SM - OK
XDCR_TSOP52 - OK
XDCR_TSOP52V - OK
XFMR_000-5453-30R - OK
XFMR_B4F - OK
XFMR_B4FL - OK
XFMR_B5F - OK
XFMR_B5FL - OK
XFMR_CTX-4 - OK
XFMR_CTX-6W-E - OK
XFMR_CTX-6W-F - OK
XFMR_DLP31D - OK
XFMR_LDB15C101A2400 - OK
XFMR_LRDC - OK
XFMR_P0401 - OK
XFMR_PA0185 - OK
XFMR_PE-23Z-SM - OK
XFMR_PE-655XX - OK
XFMR_PE-67540 - OK
XFMR_PE-H1012 - OK
XFMR_PE-H1062 - OK
XFMR_PE-H1102 - OK
XFMR_PE-H1140 - OK
XFMR_PE-H1141 - OK
XFMR_PE-H1164 - OK
XFMR_PE-H5004 - OK
XFMR_PE-H68515L - OK
XFMR_PE-H68517L - OK
XFMR_SP36 - OK
XFMR_TTI5870 - OK
XTAL_ABLS3 - OK
XTAL_ATS08ASM - OK
XTAL_CM201 - OK
XTAL_CM202 - OK
XTAL_CM309A - OK
XTAL_CM309B - OK
XTAL_CS20 - OK
XTAL_CSBF-J - OK
XTAL_CSM-7 - OK
XTAL_ECCM5A - OK
XTAL_FSM327 - OK
XTAL_FST327 - OK
XTAL_FX532A - OK
XTAL_HC49-D - OK
XTAL_HC49-W - OK
XTAL_HCM49 - OK
XTAL_MA-505 - OK
XTAL_MA-506 - OK
XTAL_MC-405 - OK
XTAL_MC-406 - OK
XTAL_VXB1 - OK
记录已转换:950
错误: 0

Converting C:\Users\Administrator\Desktop\ourdev_449775\SMN.ld4...
记录已转换:0
错误: 0

Converting C:\Users\Administrator\Desktop\ourdev_449775\SMN.ln4...
记录已转换:0
错误: 0

Converting C:\Users\Administrator\Desktop\ourdev_449775\TH.pt4...
BAT_BR1225 - OK
BAT_BR1225A/HB - OK
BAT_BR2032-1VB - OK
BAT_BS-5 - OK
BAT_DS9094F - OK
BAT_ML614S - OK
BGA_SPARE-080 - OK
BGA_SPARE-100 - OK
BGA_SPARE-127 - OK
BREAKAWAY - OK
BREAKAWAY2 - OK
CAPA350-800X2000 - OK
CAPA800-380X250 - OK
CAPPA_CLR81-T1 - OK
CAPPA_CLR81-T2 - OK
CAPPA_CLR81-T3 - OK
CAPPA_CLR81-T4 - OK
CAPPR100-300X500 - OK
CAPPR1000-1050X600 - OK
CAPPR150-400X1100 - OK
CAPPR150-400X1150 - OK
CAPPR150-400X500 - OK
CAPPR150-400X700 - OK
CAPPR200-500X1000 - OK
CAPPR200-500X1100 - OK
CAPPR200-500X1150 - OK
CAPPR200-500X1500 - OK
CAPPR200-500X700 - OK
CAPPR250-630X1100 - OK
CAPPR250-630X1120 - OK
CAPPR250-630X1150 - OK
CAPPR250-630X1500 - OK
CAPPR250-630X500 - OK
CAPPR250-630X700 - OK
CAPPR250-630X980 - OK
CAPPR250-650X1118 - OK
CAPPR350-800X1050 - OK
CAPPR350-800X1100 - OK
CAPPR350-800X1150 - OK
CAPPR350-800X1200 - OK
CAPPR350-800X1500 - OK
CAPPR350-800X2000 - OK
CAPPR350-800X700 - OK
CAPPR350-850X1200 - OK
CAPPR500-1000X1100 - OK
CAPPR500-1000X1250 - OK
CAPPR500-1000X1500 - OK
CAPPR500-1000X1600 - OK
CAPPR500-1000X2000 - OK
CAPPR500-1000X2500 - OK
CAPPR500-1000X3000 - OK
CAPPR500-1250X1500 - OK
CAPPR500-1250X2000 - OK
CAPPR500-1250X2500 - OK
CAPPR500-1250X3000 - OK
CAPPR500-1250X3150 - OK
CAPPR500-1250X3500 - OK
CAPPR500-1250X4000 - OK
CAPPR500-450X890 - OK
CAPPR750-1600X1500 - OK
CAPPR750-1600X2000 - OK
CAPPR750-1600X2500 - OK
CAPPR750-1600X3000 - OK
CAPPR750-1600X3150 - OK
CAPPR750-1600X3500 - OK
CAPPR750-1600X4000 - OK
CAPPR750-1800X1500 - OK
CAPPR750-1800X1750 - OK
CAPPR750-1800X2000 - OK
CAPPR750-1800X2500 - OK
CAPPR750-1800X3000 - OK
CAPPR750-1800X3500 - OK
CAPPR750-1800X3550 - OK
CAPPR750-1800X4000 - OK
CAPPRTS1000-3000X5000 - OK
CAPR1000-800X1100X1400 - OK
CAPR1000-800X1300X1600 - OK
CAPR1016-508X1270X1422 - OK
CAPR1500-800X1750X1500 - OK
CAPR200-500X1100 - OK
CAPR2250-850X2550X1700 - OK
CAPR250-250X380X533 - OK
CAPR250-250X380X584 - OK
CAPR250-250X460X700 - OK
CAPR250-300X460X750 - OK
CAPR250-350X500X600 - OK
CAPR250-630X1120 - OK
CAPR2650-750X3050X1700 - OK
CAPR2750-1200X3050X2000 - OK
CAPR350-800X1100 - OK
CAPR350-800X1150 - OK
CAPR500-1000X1250 - OK
CAPR500-1000X1600 - OK
CAPR500-1000X2000 - OK
CAPR500-1250X2000 - OK
CAPR500-1250X2500 - OK
CAPR500-350X500X500 - OK
CAPR500-350X850X1050 - OK
CAPR500-400X1000X1150 - OK
CAPR500-400X1000X1400 - OK
CAPR500-450X1200X1500 - OK
CAPR500-450X700X900 - OK
CAPR500-450X950X1150 - OK
CAPR500-700X1450X1900 - OK
CAPR508-317X508X660 - OK
CAPR508-317X508X812 - OK
CAPR508-381X1016X1168 - OK
CAPR508-381X762X914 - OK
CAPR508-381X762X990 - OK
CAPR750-1600X2500 - OK
CAPR750-1600X3150 - OK
CAPR750-1800X3550 - OK
CAPR750-350X1050X1250 - OK
CAPR750-350X850X1050 - OK
CAPR750-450X950X1150 - OK
CAPR750-500X1000X1000 - OK
CAPR750-500X700X700 - OK
CAPR750-580X1030X840 - OK
CAPR750-600X1250X1250 - OK
CAPR750-600X750X750 - OK
CAP_ECC-F1H100D - OK
CAP_ECQ-E1125KF - OK
CAP_ECQ-P4104JU - OK
CAP_EEC-SOHD - OK
CAP_MKP1840-433-16 - OK
DIO1000-580 - OK
DIO_BYV26 - OK
DIO_ERZV07D241 - OK
DIO_GBU10XX - OK
DIO_MR750 - OK
DIP10 - OK
DIP14 - OK
DIP16 - OK
DIP18 - OK
DIP20 - OK
DIP22-300 - OK
DIP24-300 - OK
DIP24-400 - OK
DIP24-600 - OK
DIP28-300 - OK
DIP28-600 - OK
DIP32-300 - OK
DIP32-600 - OK
DIP38-600 - OK
DIP4 - OK
DIP40-600 - OK
DIP48-600 - OK
DIP52-600 - OK
DIP6 - OK
DIP8 - OK
DIP8-400 - OK
DIPS28-600 - OK
DO-14 - OK
DO-15 - OK
DO-16 - OK
DO-201 - OK
DO-201AD - OK
DO-26 - OK
DO-27 - OK
DO-29 - OK
DO-32 - OK
DO-34 - OK
DO-35 - OK
DO-39 - OK
DO-41 - OK
DO-7 - OK
FIL_FLTR100V10 - OK
FIL_FLTR100V20 - OK
FIL_M3951M - OK
FIL_M9352M - OK
FIL_MURATA_T473A - OK
FIL_SEIMENS_X6930 - OK
FIL_X6864D - OK
FIL_X6965M - OK
FUSER_BOURNS_MF-R040 - OK
FUSER_BOURNS_MF-R075 - OK
FUSER_BOURNS_MF-R090 - OK
FUSER_BOURNS_MF-R135 - OK
FUSER_BOURNS_MF-R160 - OK
FUSER_BOURNS_MF-R250 - OK
FUSE_LITTLEFUSE325 - OK
FUSE_RUE185 - OK
FUSE_RUE400 - OK
FUSE_WICKMANN649 - OK
IND_2773007112 - OK
IND_8RHB - OK
IND_CTX10-2-52LP - OK
IND_DMT3-35 - OK
IND_HM00-00511 - OK
IND_HM00-98748 - OK
IND_HM00-99521 - OK
IND_PT - OK
LCD_DMC20481 - OK
LED_5300 - OK
LED_551-XX07 - OK
LED_551-XX09 - OK
LED_555-3XXX - OK
LED_5650 - OK
LED_569-010X - OK
LED_569-011X - OK
LED_5AB-T - OK
LED_CMD - OK
LED_L53BR508 - OK
LED_L934 - OK
LED_LDD-F304NI-RA - OK
LED_LDD-N514RI-RA - OK
LED_LDQ-N3044RI-RA - OK
LED_LN11CP23 - OK
LED_SSF-LXH100MXX - OK
LED_SSF-LXH103XX - OK
LED_ZI-550 - OK
MISC_APC78106 - OK
MISC_GDT-BBS - OK
MISC_USQ - OK
MTG180 - OK
MTG240 - OK
MTG240_500 - OK
MTG240_500-VIA - OK
MTG240_600 - OK
MTG240_600-VIA - OK
MTG240_700 - OK
MTG240_700-VIA - OK
MTG250 - OK
MTG250_TOOLING - OK
MTG280 - OK
MTG280_500 - OK
MTG280_500-VIA - OK
MTG280_600 - OK
MTG280_600-VIA - OK
MTG280_700 - OK
MTG280_700-VIA - OK
MTG300 - OK
MTG300_600 - OK
MTG300_600-VIA - OK
MTG300_700 - OK
MTG300_700-VIA - OK
MTG300_900 - OK
MTG300_900-VIA - OK
MTG320 - OK
MTG320-TOOLING - OK
MTG320_500 - OK
MTG320_500-VIA - OK
MTG320_600 - OK
MTG320_600-VIA - OK
MTG320_700 - OK
MTG320_700-VIA - OK
MTG330 - OK
MTG350 - OK
MTG350_600-VIA - OK
MTG370 - OK
MTG370_1000 - OK
MTG370_1000-VIA - OK
MTG370_1100 - OK
MTG370_1100-VIA - OK
MTG370_700 - OK
MTG370_700-VIA - OK
MTG370_800 - OK
MTG370_800-VIA - OK
MTG380 - OK
MTG400 - OK
MTG400_600 - OK
MTG400_600-VIA - OK
MTG400_700 - OK
MTG400_700-VIA - OK
MTG400_800 - OK
MTG400_800-VIA - OK
MTG400_900 - OK
MTG400_900-VIA - OK
MTG440 - OK
MTG440_1100 - OK
MTG440_1100-VIA - OK
MTG440_700 - OK
MTG440_700-VIA - OK
MTG440_800 - OK
MTG440_800-VIA - OK
MTG440_900 - OK
MTG440_900-VIA - OK
MTG450 - OK
MTG450_900 - OK
MTG470 - OK
MTG470_1000 - OK
MTG470_1000-VIA - OK
MTG470_1100 - OK
MTG470_1100-VIA - OK
MTG470_800 - OK
MTG470_800-VIA - OK
MTG470_900 - OK
MTG470_900-VIA - OK
MTG530_1100 - OK
MTG530_1100-VIA - OK
MTG86 - OK
OSC14 - OK
OSC8 - OK
PAD035X015H - OK
PAD040X015H - OK
PAD040X020H - OK
PAD045X020H - OK
PAD050X025H - OK
PAD055X015H - OK
PAD055X025H - OK
PAD055X030H - OK
PAD060X020H - OK
PAD065X025H - OK
PAD065X030H - OK
PAD065X035H - OK
PAD070X030H - OK
PAD070X035H - OK
PAD070X040H - OK
PAD075X035H - OK
PAD075X040H - OK
PAD075X045H - OK
PAD080X040H - OK
PAD080X050H - OK
PAD085X045H - OK
PAD085X055H - OK
PAD090X045H - OK
PAD090X050H - OK
PAD090X060H - OK
PAD100X050H - OK
PAD100X055H - OK
PAD110X055H - OK
PAD110X060H - OK
PAD120X060H - OK
PAD180X100H - OK
PAD205X125H - OK
PAD250X165H - OK
PAD300X180H - OK
PGA19X19-200 - OK
RELAY_AROMAT-CB1-P - OK
RELAY_OMRON_G5LE-14 - OK
RELAY_OMRON_G5V-1 - OK
RELAY_OMRON_G6Y-1 - OK
RES1030-640X250 - OK
RES1130-700X280 - OK
RES1190-800X300 - OK
RES1390-1000X350 - OK
RES1440-1050X200 - OK
RES1440-1050X330 - OK
RES1670-1200X400 - OK
RES1680-1200X500 - OK
RES1740-1050X200 - OK
RES1760-1250X500 - OK
RES1860-1350X500 - OK
RES2080-1600X550 - OK
RES2160-1650X650 - OK
RES2210-1700X450 - OK
RES2830-2350X850 - OK
RES3060-2550X900 - OK
RES5480-5000X1000 - OK
RES5480-5000X1250 - OK
RES600-320X170 - OK
RES6510-6000X1450 - OK
RES6880-6400X1450 - OK
RES770-420X200 - OK
RES_13FR - OK
RES_15FR - OK
RES_NTH4G4F01 - OK
RES_RS-2B - OK
SLOT80X300 - OK
SPKR_CEM-1212S - OK
SPKR_PKM22EPP-4007 - OK
SPKR_QMX - OK
SW_206RA-10 - OK
SW_206RA-12 - OK
SW_206RA-2 - OK
SW_206RA-3 - OK
SW_206RA-4 - OK
SW_206RA-5 - OK
SW_206RA-6 - OK
SW_206RA-7 - OK
SW_206RA-8 - OK
SW_206RA-9 - OK
SW_320E1-1 - OK
SW_A6E-0104 - OK
SW_A6E-2104 - OK
SW_A6E-3104 - OK
SW_A6E-4104 - OK
SW_A6E-5104 - OK
SW_A6E-6104 - OK
SW_A6E-7104 - OK
SW_A6E-8104 - OK
SW_A6E-9104 - OK
SW_B3F-3120 - OK
SW_B3F-3152 - OK
SW_B3F-6002 - OK
SW_B3F-6022 - OK
SW_BD01 - OK
SW_BD02 - OK
SW_BD03 - OK
SW_BD04 - OK
SW_BD05 - OK
SW_BD06 - OK
SW_BD07 - OK
SW_BD08 - OK
SW_BD09 - OK
SW_BD10 - OK
SW_BD12 - OK
SW_D501-A - OK
SW_EG1218 - OK
SW_EVQPBC - OK
SW_EVQPFC - OK
SW_G107-0513 - OK
SW_GP12MCKE - OK
SW_ITTCANNON_RTE10 - OK
SW_PTS645T43 - OK
SW_PTS645T50 - OK
SW_PTS645T70 - OK
SW_PTS645T95 - OK
SW_PTS645TL/H43 - OK
SW_PTS645TL/H50 - OK
SW_PTS645TL/H70 - OK
SW_PTS645TL/H95 - OK
SW_SECMA-MC - OK
SW_TL1100F - OK
SW_TL56 - OK
SW_TP11SH9ABE - OK
SW_TS-1103A - OK
THERM_AT-2 - OK
THERM_CL11 - OK
THERM_CL30 - OK
THERM_CL40 - OK
THERM_CL50 - OK
THERM_CL60 - OK
THERM_CL70 - OK
THERM_CL80 - OK
TO-220 - OK
TO-220-7V - OK
TO-220AB - OK
TO-220ABV - OK
TO-220ABVS - OK
TO-220F-4L - OK
TO-220V - OK
TO-220V_AAVID-590302B03600 - OK
TO-220V_AAVID-590302B03600_BCE - OK
TO-220V_AAVID-590302B03600_GDS - OK
TO-220V_AAVID-590302B03600_IGO - OK
TO-220V_AAVID-593202B03500 - OK
TO-220_AAVID-530614 - OK
TO-220_AAVID-5771 - OK
TO-220_AAVID-6237 - OK
TO-225AA - OK
TO-247ACV - OK
TO-247ACV_AAVID-593101B03600 - OK
TO-92 - OK
TP085D050H - OK
TP165D100H - OK
TP200D120H - OK
TP255D155H - OK
TP2X110D065H - OK
TPS165D100H - OK
TRANSMITTER_GP1F38T - OK
TRIM_3299W - OK
TRIM_3386P - OK
TRIM_CT-94W - OK
TUNER_0806-5400-01 - OK
TUNER_CT-10DRGPH - OK
TUNER_MDLW5A607X - OK
TUNER_RMVN13450WL - OK
TUNER_VH1B1UF3006 - OK
VAR_2322-592 - OK
VAR_2322-593 - OK
VAR_2322-594 - OK
VAR_2322-595 - OK
XDCR_GP1UM28XK - OK
XDCR_PNA4601M - OK
XDCR_PNA4601MH - OK
XFMR_APC13107LP - OK
XFMR_BH500-1636 - OK
XFMR_DAISHIN_7MG - OK
XFMR_P3717 - OK
XFMR_PC-B1811-12 - OK
XFMR_PC-B3515 - OK
XTAL_CFS-145 - OK
XTAL_CFS-206 - OK
XTAL_CSA-309 - OK
XTAL_CSA-310 - OK
XTAL_CSB503F58 - OK
XTAL_ECS-3X8 - OK
XTAL_HC-49 - OK
XTAL_HC-49U - OK
XTAL_HC-49US - OK
XTAL_NC26 - OK
XTAL_NC26V - OK
XTAL_NC38 - OK
XTAL_ZTB - OK
记录已转换:485
错误: 0

Converting C:\Users\Administrator\Desktop\ourdev_449775\TH.pd4...
BAT_BR1225 - OK
BAT_BR1225A/HB - OK
BAT_BR2032-1VB - OK
BAT_BS-5 - OK
BAT_DS9094F - OK
BAT_ML614S - OK
BGA_SPARE-080 - OK
BGA_SPARE-100 - OK
BGA_SPARE-127 - OK
BREAKAWAY - OK
BREAKAWAY2 - OK
CAPA800-380X250 - OK
CAPPA_CLR81-T1 - OK
CAPPA_CLR81-T2 - OK
CAPPA_CLR81-T3 - OK
CAPPA_CLR81-T4 - OK
CAPPR100-300X500 - OK
CAPPR1000-1050X600 - OK
CAPPR150-400X1100 - OK
CAPPR150-400X1150 - OK
CAPPR150-400X500 - OK
CAPPR150-400X700 - OK
CAPPR200-500X1000 - OK
CAPPR200-500X1100 - OK
CAPPR200-500X1150 - OK
CAPPR200-500X1500 - OK
CAPPR200-500X700 - OK
CAPPR250-630X1100 - OK
CAPPR250-630X1120 - OK
CAPPR250-630X1150 - OK
CAPPR250-630X1500 - OK
CAPPR250-630X500 - OK
CAPPR250-630X700 - OK
CAPPR250-630X980 - OK
CAPPR250-650X1118 - OK
CAPPR350-800X1050 - OK
CAPPR350-800X1100 - OK
CAPPR350-800X1150 - OK
CAPPR350-800X1200 - OK
CAPPR350-800X1500 - OK
CAPPR350-800X2000 - OK
CAPPR350-800X700 - OK
CAPPR350-850X1200 - OK
CAPPR500-1000X1100 - OK
CAPPR500-1000X1250 - OK
CAPPR500-1000X1500 - OK
CAPPR500-1000X1600 - OK
CAPPR500-1000X2000 - OK
CAPPR500-1000X2500 - OK
CAPPR500-1000X3000 - OK
CAPPR500-1250X1500 - OK
CAPPR500-1250X2000 - OK
CAPPR500-1250X2500 - OK
CAPPR500-1250X3000 - OK
CAPPR500-1250X3150 - OK
CAPPR500-1250X3500 - OK
CAPPR500-1250X4000 - OK
CAPPR500-450X890 - OK
CAPPR750-1600X1500 - OK
CAPPR750-1600X2000 - OK
CAPPR750-1600X2500 - OK
CAPPR750-1600X3000 - OK
CAPPR750-1600X3150 - OK
CAPPR750-1600X3500 - OK
CAPPR750-1600X4000 - OK
CAPPR750-1800X1500 - OK
CAPPR750-1800X1750 - OK
CAPPR750-1800X2000 - OK
CAPPR750-1800X2500 - OK
CAPPR750-1800X3000 - OK
CAPPR750-1800X3500 - OK
CAPPR750-1800X3550 - OK
CAPPR750-1800X4000 - OK
CAPPRTS1000-3000X5000 - OK
CAPR1000-800X1100X1400 - OK
CAPR1000-800X1300X1600 - OK
CAPR1016-508X1270X1422 - OK
CAPR1500-800X1750X1500 - OK
CAPR200-500X1100 - OK
CAPR2250-850X2550X1700 - OK
CAPR250-250X380X533 - OK
CAPR250-250X380X584 - OK
CAPR250-250X460X700 - OK
CAPR250-300X460X750 - OK
CAPR250-350X500X600 - OK
CAPR250-630X1120 - OK
CAPR2650-750X3050X1700 - OK
CAPR2750-1200X3050X2000 - OK
CAPR350-800X1100 - OK
CAPR350-800X1150 - OK
CAPR500-1000X1250 - OK
CAPR500-1000X1600 - OK
CAPR500-1000X2000 - OK
CAPR500-1250X2000 - OK
CAPR500-1250X2500 - OK
CAPR500-350X500X500 - OK
CAPR500-350X850X1050 - OK
CAPR500-400X1000X1150 - OK
CAPR500-400X1000X1400 - OK
CAPR500-450X1200X1500 - OK
CAPR500-450X700X900 - OK
CAPR500-450X950X1150 - OK
CAPR500-700X1450X1900 - OK
CAPR508-317X508X660 - OK
CAPR508-317X508X812 - OK
CAPR508-381X1016X1168 - OK
CAPR508-381X762X914 - OK
CAPR508-381X762X990 - OK
CAPR750-1600X2500 - OK
CAPR750-1600X3150 - OK
CAPR750-1800X3550 - OK
CAPR750-350X1050X1250 - OK
CAPR750-350X850X1050 - OK
CAPR750-450X950X1150 - OK
CAPR750-500X1000X1000 - OK
CAPR750-500X700X700 - OK
CAPR750-580X1030X840 - OK
CAPR750-600X1250X1250 - OK
CAPR750-600X750X750 - OK
CAP_ECC-F1H100D - OK
CAP_ECQ-E1125KF - OK
CAP_ECQ-P4104JU - OK
CAP_EEC-SOHD - OK
CAP_MKP1840-422-16 - OK
DIO1000-580 - OK
DIO_BYV26 - OK
DIO_ERZV07D241 - OK
DIO_GBU10XX - OK
DIO_MR750 - OK
DIP10 - OK
DIP14 - OK
DIP16 - OK
DIP18 - OK
DIP20 - OK
DIP22-300 - OK
DIP24-300 - OK
DIP24-400 - OK
DIP24-600 - OK
DIP28-300 - OK
DIP28-600 - OK
DIP32-300 - OK
DIP32-600 - OK
DIP38-600 - OK
DIP4 - OK
DIP40-600 - OK
DIP48-600 - OK
DIP52-600 - OK
DIP6 - OK
DIP8 - OK
DIP8-400 - OK
DIPS28-600 - OK
DO-14 - OK
DO-15 - OK
DO-16 - OK
DO-201 - OK
DO-201AD - OK
DO-26 - OK
DO-27 - OK
DO-29 - OK
DO-32 - OK
DO-34 - OK
DO-35 - OK
DO-39 - OK
DO-41 - OK
DO-7 - OK
FIL_FLTR100V10 - OK
FIL_FLTR100V20 - OK
FIL_M3951M - OK
FIL_M9352M - OK
FIL_MURATA_T473A - OK
FIL_SEIMENS_X6930 - OK
FIL_X6864D - OK
FIL_X6965M - OK
FUSER_BOURNS_MF-R040 - OK
FUSER_BOURNS_MF-R075 - OK
FUSER_BOURNS_MF-R090 - OK
FUSER_BOURNS_MF-R135 - OK
FUSER_BOURNS_MF-R160 - OK
FUSER_BOURNS_MF-R250 - OK
FUSE_LITTLEFUSE325 - OK
FUSE_RUE185 - OK
FUSE_RUE400 - OK
FUSE_WICKMANN649 - OK
IND_2773007112 - OK
IND_8RHB - OK
IND_CTX10-2-52LP - OK
IND_DMT3-35 - OK
IND_HM00-00511 - OK
IND_HM00-98748 - OK
IND_HM00-99521 - OK
IND_PT - OK
LCD_DMC20481 - OK
LED_5300 - OK
LED_551-XX07 - OK
LED_551-XX09 - OK
LED_555-3XXX - OK
LED_5650 - OK
LED_569-010X - OK
LED_569-011X - OK
LED_5AB-T - OK
LED_CMD - OK
LED_L53BR508 - OK
LED_L934 - OK
LED_LDD-F304NI-RA - OK
LED_LDD-N514RI-RA - OK
LED_LDQ-N3044RI-RA - OK
LED_LN11CP23 - OK
LED_SSF-LXH100MXX - OK
LED_SSF-LXH103XX - OK
LED_ZI-550 - OK
MISC_APC78106 - OK
MISC_GDT-BBS - OK
MISC_USQ - OK
MTG180 - OK
MTG240 - OK
MTG240_500 - OK
MTG240_500-VIA - OK
MTG240_600 - OK
MTG240_600-VIA - OK
MTG240_700 - OK
MTG240_700-VIA - OK
MTG250 - OK
MTG250_TOOLING - OK
MTG280 - OK
MTG280_500 - OK
MTG280_500-VIA - OK
MTG280_600 - OK
MTG280_600-VIA - OK
MTG280_700 - OK
MTG280_700-VIA - OK
MTG300 - OK
MTG300_600 - OK
MTG300_600-VIA - OK
MTG300_700-VIA - OK
MTG300_900 - OK
MTG300_900-VIA - OK
MTG320 - OK
MTG320-TOOLING - OK
MTG320_500 - OK
MTG320_500-VIA - OK
MTG320_600 - OK
MTG320_600-VIA - OK
MTG320_700 - OK
MTG320_700-VIA - OK
MTG330 - OK
MTG350 - OK
MTG350_600-VIA - OK
MTG370 - OK
MTG370_1000 - OK
MTG370_1000-VIA - OK
MTG370_1100 - OK
MTG370_1100-VIA - OK
MTG370_700 - OK
MTG370_700-VIA - OK
MTG370_800 - OK
MTG370_800-VIA - OK
MTG380 - OK
MTG400 - OK
MTG400_600 - OK
MTG400_600-VIA - OK
MTG400_700 - OK
MTG400_700-VIA - OK
MTG400_800 - OK
MTG400_800-VIA - OK
MTG400_900 - OK
MTG400_900-VIA - OK
MTG440 - OK
MTG440_1100 - OK
MTG440_1100-VIA - OK
MTG440_700 - OK
MTG440_700-VIA - OK
MTG440_800 - OK
MTG440_800-VIA - OK
MTG440_900 - OK
MTG440_900-VIA - OK
MTG450 - OK
MTG450_900 - OK
MTG470 - OK
MTG470_1000 - OK
MTG470_1000-VIA - OK
MTG470_1100 - OK
MTG470_1100-VIA - OK
MTG470_800 - OK
MTG470_800-VIA - OK
MTG470_900 - OK
MTG470_900-VIA - OK
MTG530_1100 - OK
MTG86 - OK
OSC14 - OK
OSC8 - OK
PAD035X015H - OK
PAD040X015H - OK
PAD040X020H - OK
PAD045X020H - OK
PAD050X025H - OK
PAD055X015H - OK
PAD055X025H - OK
PAD055X030H - OK
PAD060X020H - OK
PAD065X025H - OK
PAD065X030H - OK
PAD065X035H - OK
PAD070X030H - OK
PAD070X035H - OK
PAD070X040H - OK
PAD075X035H - OK
PAD075X040H - OK
PAD075X045H - OK
PAD080X040H - OK
PAD080X050H - OK
PAD085X045H - OK
PAD085X055H - OK
PAD090X045H - OK
PAD090X050H - OK
PAD090X060H - OK
PAD100X050H - OK
PAD100X055H - OK
PAD110X055H - OK
PAD110X060H - OK
PAD120X060H - OK
PAD180X100H - OK
PAD205X125H - OK
PAD250X165H - OK
PAD300X180H - OK
PGA19X19-200 - OK
RELAY_AROMAT-CB1-P - OK
RELAY_OMRON_G5LE-14 - OK
RELAY_OMRON_G5V-1 - OK
RELAY_OMRON_G6Y-1 - OK
RES1030-640X250 - OK
RES1130-700X280 - OK
RES1190-800X300 - OK
RES1390-1000X350 - OK
RES1440-1050X200 - OK
RES1670-1200X400 - OK
RES1680-1200X500 - OK
RES1740-1050X200 - OK
RES1760-1250X500 - OK
RES1860-1350X500 - OK
RES2080-1600X550 - OK
RES2160-1650X650 - OK
RES2210-1700X450 - OK
RES2830-2350X850 - OK
RES3060-2550X900 - OK
RES5480-5000X1000 - OK
RES5480-5000X1250 - OK
RES600-320X170 - OK
RES6510-6000X1450 - OK
RES6880-6400X1450 - OK
RES770-420X200 - OK
RES_13FR - OK
RES_15FR - OK
RES_NTH4G4F01 - OK
RES_RS-2B - OK
SLOT80X300 - OK
SPKR_CEM-1212S - OK
SPKR_PKM22EPP-4007 - OK
SPKR_QMX - OK
SW_206RA-10 - OK
SW_206RA-12 - OK
SW_206RA-2 - OK
SW_206RA-3 - OK
SW_206RA-4 - OK
SW_206RA-5 - OK
SW_206RA-6 - OK
SW_206RA-7 - OK
SW_206RA-8 - OK
SW_206RA-9 - OK
SW_320E1-1 - OK
SW_A6E-0104 - OK
SW_A6E-2104 - OK
SW_A6E-3104 - OK
SW_A6E-4104 - OK
SW_A6E-5104 - OK
SW_A6E-6104 - OK
SW_A6E-7104 - OK
SW_A6E-8104 - OK
SW_A6E-9104 - OK
SW_B3F-3120 - OK
SW_B3F-3152 - OK
SW_B3F-6002 - OK
SW_B3F-6022 - OK
SW_BD01 - OK
SW_BD02 - OK
SW_BD03 - OK
SW_BD04 - OK
SW_BD05 - OK
SW_BD06 - OK
SW_BD07 - OK
SW_BD08 - OK
SW_BD09 - OK
SW_BD10 - OK
SW_BD12 - OK
SW_D501-A - OK
SW_EG1218 - OK
SW_EVQPBC - OK
SW_EVQPFC - OK
SW_G107-0513 - OK
SW_GP12MCKE - OK
SW_ITTCANNON_RTE10 - OK
SW_PTS645T - OK
SW_SECMA-MC - OK
SW_TL1100F - OK
SW_TL56 - OK
SW_TP11SH9ABE - OK
SW_TS-1103A - OK
THERM_AT-2 - OK
THERM_CL11 - OK
THERM_CL30 - OK
THERM_CL40 - OK
THERM_CL50 - OK
THERM_CL60 - OK
THERM_CL70 - OK
THERM_CL80 - OK
TO-220 - OK
TO-220-7V - OK
TO-220AB - OK
TO-220ABV - OK
TO-220ABVS - OK
TO-220F-4L - OK
TO-220V - OK
TO-220V_AAVID-590302B03600 - OK
TO-220V_AAVID-590302B03600_BCE - OK
TO-220V_AAVID-590302B03600_GDS - OK
TO-220V_AAVID-590302B03600_IGO - OK
TO-220V_AAVID-593202B03500 - OK
TO-220_AAVID-530614 - OK
TO-220_AAVID-5771 - OK
TO-220_AAVID-6237 - OK
TO-225AA - OK
TO-247ACV - OK
TO-247ACV_AAVID-593101B03600 - OK
TO-92 - OK
TP085D050H - OK
TP165D100H - OK
TP200D120H - OK
TP255D155H - OK
TP2X110D065H - OK
TPS165D100H - OK
TRANSMITTER_GP1F38T - OK
TRIM_3299W - OK
TRIM_3386P - OK
TRIM_CT-94W - OK
TUNER_0806-5400-01 - OK
TUNER_CT-10DRGPH - OK
TUNER_MDLW5A607X - OK
TUNER_RMVN13450WL - OK
TUNER_VH1B1UF3006 - OK
VAR_2322-592 - OK
VAR_2322-593 - OK
VAR_2322-594 - OK
VAR_2322-595 - OK
XDCR_GP1UM28XK - OK
XDCR_PNA4601M - OK
XDCR_PNA4601MH - OK
XFMR_APC13107LP - OK
XFMR_BH500-1636 - OK
XFMR_DAISHIN_7MG - OK
XFMR_P3717 - OK
XFMR_PC-B1811-12 - OK
XFMR_PC-B3515 - OK
XTAL_CFS-145 - OK
XTAL_CFS-206 - OK
XTAL_CSA-309 - OK
XTAL_CSA-310 - OK
XTAL_CSB503F58 - OK
XTAL_ECS-3X8 - OK
XTAL_HC-49 - OK
XTAL_HC-49U - OK
XTAL_NC26 - OK
XTAL_NC26V - OK
XTAL_NC38 - OK
XTAL_ZTB - OK
记录已转换:473
错误: 0

Converting C:\Users\Administrator\Desktop\ourdev_449775\TH.ld4...
记录已转换:0
错误: 0

Converting C:\Users\Administrator\Desktop\ourdev_449775\TH.ln4...
记录已转换:0
错误: 0

